{"/home/travis/build/npmtest/node-npmtest-nodemcu-tool/test.js":{"path":"/home/travis/build/npmtest/node-npmtest-nodemcu-tool/test.js","s":{"1":2,"2":2,"3":2,"4":2,"5":2,"6":2,"7":2,"8":1,"9":2,"10":2,"11":1,"12":1,"13":1,"14":1,"15":2,"16":2,"17":2,"18":2,"19":1,"20":1,"21":2,"22":2,"23":2,"24":1,"25":1,"26":1,"27":1,"28":1,"29":1,"30":1,"31":1,"32":1,"33":1,"34":1,"35":1,"36":1,"37":1,"38":1,"39":2,"40":2,"41":1,"42":2,"43":2,"44":1,"45":2,"46":2,"47":1,"48":2,"49":2,"50":1,"51":1,"52":1,"53":1,"54":1},"b":{"1":[2,1,1,1],"2":[1,1,1,1],"3":[1,1],"4":[1,1],"5":[1,1],"6":[1,1],"7":[1,1],"8":[1,1],"9":[1,1],"10":[1,1,1],"11":[1,1],"12":[1,1],"13":[1,1],"14":[1,1],"15":[1,1],"16":[1,1],"17":[1,1]},"f":{"1":2,"2":2,"3":2,"4":2,"5":2,"6":1,"7":1,"8":1,"9":2,"10":2,"11":2,"12":2,"13":1},"fnMap":{"1":{"name":"(anonymous_1)","line":12,"loc":{"start":{"line":12,"column":1},"end":{"line":12,"column":13}}},"2":{"name":"(anonymous_2)","line":19,"loc":{"start":{"line":19,"column":5},"end":{"line":19,"column":17}}},"3":{"name":"(anonymous_3)","line":23,"loc":{"start":{"line":23,"column":24},"end":{"line":23,"column":36}}},"4":{"name":"(anonymous_4)","line":61,"loc":{"start":{"line":61,"column":5},"end":{"line":61,"column":17}}},"5":{"name":"(anonymous_5)","line":82,"loc":{"start":{"line":82,"column":5},"end":{"line":82,"column":17}}},"6":{"name":"(anonymous_6)","line":91,"loc":{"start":{"line":91,"column":77},"end":{"line":94,"column":10}}},"7":{"name":"(anonymous_7)","line":112,"loc":{"start":{"line":112,"column":83},"end":{"line":115,"column":10}},"skip":true},"8":{"name":"(anonymous_8)","line":123,"loc":{"start":{"line":123,"column":77},"end":{"line":126,"column":10}},"skip":true},"9":{"name":"(anonymous_9)","line":139,"loc":{"start":{"line":139,"column":12},"end":{"line":139,"column":40}},"skip":true},"10":{"name":"(anonymous_10)","line":147,"loc":{"start":{"line":147,"column":77},"end":{"line":150,"column":10}},"skip":true},"11":{"name":"(anonymous_11)","line":158,"loc":{"start":{"line":158,"column":83},"end":{"line":161,"column":10}},"skip":true},"12":{"name":"(anonymous_12)","line":169,"loc":{"start":{"line":169,"column":79},"end":{"line":172,"column":10}},"skip":true},"13":{"name":"(anonymous_13)","line":180,"loc":{"start":{"line":180,"column":75},"end":{"line":183,"column":10}},"skip":true}},"statementMap":{"1":{"start":{"line":12,"column":0},"end":{"line":195,"column":5}},"2":{"start":{"line":14,"column":4},"end":{"line":14,"column":14}},"3":{"start":{"line":19,"column":4},"end":{"line":56,"column":9}},"4":{"start":{"line":21,"column":8},"end":{"line":21,"column":19}},"5":{"start":{"line":23,"column":8},"end":{"line":35,"column":13}},"6":{"start":{"line":24,"column":12},"end":{"line":34,"column":13}},"7":{"start":{"line":25,"column":16},"end":{"line":28,"column":30}},"8":{"start":{"line":30,"column":16},"end":{"line":33,"column":27}},"9":{"start":{"line":37,"column":8},"end":{"line":39,"column":21}},"10":{"start":{"line":40,"column":8},"end":{"line":53,"column":9}},"11":{"start":{"line":43,"column":12},"end":{"line":46,"column":14}},"12":{"start":{"line":47,"column":12},"end":{"line":47,"column":18}},"13":{"start":{"line":50,"column":12},"end":{"line":51,"column":33}},"14":{"start":{"line":52,"column":12},"end":{"line":52,"column":18}},"15":{"start":{"line":55,"column":8},"end":{"line":55,"column":35}},"16":{"start":{"line":61,"column":4},"end":{"line":63,"column":9}},"17":{"start":{"line":62,"column":8},"end":{"line":62,"column":15}},"18":{"start":{"line":64,"column":4},"end":{"line":77,"column":5}},"19":{"start":{"line":70,"column":8},"end":{"line":70,"column":14}},"20":{"start":{"line":76,"column":8},"end":{"line":76,"column":14}},"21":{"start":{"line":82,"column":4},"end":{"line":84,"column":9}},"22":{"start":{"line":83,"column":8},"end":{"line":83,"column":15}},"23":{"start":{"line":85,"column":4},"end":{"line":194,"column":5}},"24":{"start":{"line":91,"column":8},"end":{"line":99,"column":10}},"25":{"start":{"line":98,"column":12},"end":{"line":98,"column":35}},"26":{"start":{"line":102,"column":8},"end":{"line":104,"column":63}},"27":{"start":{"line":105,"column":8},"end":{"line":105,"column":14}},"28":{"start":{"line":112,"column":8},"end":{"line":121,"column":10},"skip":true},"29":{"start":{"line":119,"column":12},"end":{"line":119,"column":55},"skip":true},"30":{"start":{"line":120,"column":12},"end":{"line":120,"column":48},"skip":true},"31":{"start":{"line":123,"column":8},"end":{"line":136,"column":10},"skip":true},"32":{"start":{"line":130,"column":12},"end":{"line":130,"column":76},"skip":true},"33":{"start":{"line":131,"column":12},"end":{"line":131,"column":73},"skip":true},"34":{"start":{"line":132,"column":12},"end":{"line":132,"column":74},"skip":true},"35":{"start":{"line":133,"column":12},"end":{"line":133,"column":79},"skip":true},"36":{"start":{"line":134,"column":12},"end":{"line":134,"column":25},"skip":true},"37":{"start":{"line":135,"column":12},"end":{"line":135,"column":45},"skip":true},"38":{"start":{"line":138,"column":8},"end":{"line":145,"column":14},"skip":true},"39":{"start":{"line":143,"column":16},"end":{"line":143,"column":29},"skip":true},"40":{"start":{"line":144,"column":16},"end":{"line":144,"column":55},"skip":true},"41":{"start":{"line":147,"column":8},"end":{"line":156,"column":10},"skip":true},"42":{"start":{"line":154,"column":12},"end":{"line":154,"column":25},"skip":true},"43":{"start":{"line":155,"column":12},"end":{"line":155,"column":45},"skip":true},"44":{"start":{"line":158,"column":8},"end":{"line":167,"column":10},"skip":true},"45":{"start":{"line":165,"column":12},"end":{"line":165,"column":25},"skip":true},"46":{"start":{"line":166,"column":12},"end":{"line":166,"column":48},"skip":true},"47":{"start":{"line":169,"column":8},"end":{"line":178,"column":10},"skip":true},"48":{"start":{"line":176,"column":12},"end":{"line":176,"column":25},"skip":true},"49":{"start":{"line":177,"column":12},"end":{"line":177,"column":46},"skip":true},"50":{"start":{"line":180,"column":8},"end":{"line":189,"column":10},"skip":true},"51":{"start":{"line":187,"column":12},"end":{"line":187,"column":94},"skip":true},"52":{"start":{"line":188,"column":12},"end":{"line":188,"column":48},"skip":true},"53":{"start":{"line":192,"column":8},"end":{"line":192,"column":35},"skip":true},"54":{"start":{"line":193,"column":8},"end":{"line":193,"column":14},"skip":true}},"branchMap":{"1":{"line":25,"type":"binary-expr","locations":[{"start":{"line":25,"column":23},"end":{"line":25,"column":62}},{"start":{"line":26,"column":20},"end":{"line":26,"column":70}},{"start":{"line":27,"column":20},"end":{"line":27,"column":71}},{"start":{"line":28,"column":20},"end":{"line":28,"column":29}}]},"2":{"line":30,"type":"binary-expr","locations":[{"start":{"line":30,"column":23},"end":{"line":30,"column":37}},{"start":{"line":31,"column":20},"end":{"line":31,"column":61}},{"start":{"line":32,"column":20},"end":{"line":32,"column":70}},{"start":{"line":33,"column":20},"end":{"line":33,"column":26}}]},"3":{"line":37,"type":"cond-expr","locations":[{"start":{"line":38,"column":14},"end":{"line":38,"column":20}},{"start":{"line":39,"column":14},"end":{"line":39,"column":20}}]},"4":{"line":40,"type":"switch","locations":[{"start":{"line":42,"column":8},"end":{"line":47,"column":18}},{"start":{"line":49,"column":8},"end":{"line":52,"column":18}}]},"5":{"line":44,"type":"binary-expr","locations":[{"start":{"line":44,"column":16},"end":{"line":44,"column":44}},{"start":{"line":44,"column":48},"end":{"line":44,"column":66}}]},"6":{"line":50,"type":"binary-expr","locations":[{"start":{"line":50,"column":21},"end":{"line":50,"column":49}},{"start":{"line":50,"column":53},"end":{"line":50,"column":72}}]},"7":{"line":64,"type":"switch","locations":[{"start":{"line":69,"column":4},"end":{"line":70,"column":14}},{"start":{"line":75,"column":4},"end":{"line":76,"column":14}}]},"8":{"line":85,"type":"switch","locations":[{"start":{"line":90,"column":4},"end":{"line":105,"column":14}},{"start":{"line":111,"column":4},"end":{"line":193,"column":14},"skip":true}]},"9":{"line":91,"type":"binary-expr","locations":[{"start":{"line":91,"column":42},"end":{"line":91,"column":73}},{"start":{"line":91,"column":77},"end":{"line":99,"column":9}}]},"10":{"line":102,"type":"binary-expr","locations":[{"start":{"line":102,"column":18},"end":{"line":102,"column":32}},{"start":{"line":103,"column":12},"end":{"line":103,"column":53}},{"start":{"line":104,"column":12},"end":{"line":104,"column":61}}]},"11":{"line":112,"type":"binary-expr","locations":[{"start":{"line":112,"column":45},"end":{"line":112,"column":79},"skip":true},{"start":{"line":112,"column":83},"end":{"line":121,"column":9},"skip":true}]},"12":{"line":123,"type":"binary-expr","locations":[{"start":{"line":123,"column":42},"end":{"line":123,"column":73},"skip":true},{"start":{"line":123,"column":77},"end":{"line":136,"column":9},"skip":true}]},"13":{"line":138,"type":"binary-expr","locations":[{"start":{"line":138,"column":48},"end":{"line":138,"column":85},"skip":true},{"start":{"line":139,"column":12},"end":{"line":145,"column":13},"skip":true}]},"14":{"line":147,"type":"binary-expr","locations":[{"start":{"line":147,"column":42},"end":{"line":147,"column":73},"skip":true},{"start":{"line":147,"column":77},"end":{"line":156,"column":9},"skip":true}]},"15":{"line":158,"type":"binary-expr","locations":[{"start":{"line":158,"column":45},"end":{"line":158,"column":79},"skip":true},{"start":{"line":158,"column":83},"end":{"line":167,"column":9},"skip":true}]},"16":{"line":169,"type":"binary-expr","locations":[{"start":{"line":169,"column":43},"end":{"line":169,"column":75},"skip":true},{"start":{"line":169,"column":79},"end":{"line":178,"column":9},"skip":true}]},"17":{"line":180,"type":"binary-expr","locations":[{"start":{"line":180,"column":41},"end":{"line":180,"column":71},"skip":true},{"start":{"line":180,"column":75},"end":{"line":189,"column":9},"skip":true}]}},"code":["/* istanbul instrument in package npmtest_nodemcu_tool */","/*jslint","    bitwise: true,","    browser: true,","    maxerr: 8,","    maxlen: 96,","    node: true,","    nomen: true,","    regexp: true,","    stupid: true","*/","(function () {","    'use strict';","    var local;","","","","    // run shared js-env code - pre-init","    (function () {","        // init local","        local = {};","        // init modeJs","        local.modeJs = (function () {","            try {","                return typeof navigator.userAgent === 'string' &&","                    typeof document.querySelector('body') === 'object' &&","                    typeof XMLHttpRequest.prototype.open === 'function' &&","                    'browser';","            } catch (errorCaughtBrowser) {","                return module.exports &&","                    typeof process.versions.node === 'string' &&","                    typeof require('http').createServer === 'function' &&","                    'node';","            }","        }());","        // init global","        local.global = local.modeJs === 'browser'","            ? window","            : global;","        switch (local.modeJs) {","        // re-init local from window.local","        case 'browser':","            local = local.global.utility2.objectSetDefault(","                local.global.utility2_rollup || local.global.local,","                local.global.utility2","            );","            break;","        // re-init local from example.js","        case 'node':","            local = (local.global.utility2_rollup || require('utility2'))","                .requireReadme();","            break;","        }","        // export local","        local.global.local = local;","    }());","","","","    // run shared js-env code - function","    (function () {","        return;","    }());","    switch (local.modeJs) {","","","","    // run browser js-env code - function","    case 'browser':","        break;","","","","    // run node js-env code - function","    case 'node':","        break;","    }","","","","    // run shared js-env code - post-init","    (function () {","        return;","    }());","    switch (local.modeJs) {","","","","    // run browser js-env code - post-init","    case 'browser':","        local.testCase_browser_nullCase = local.testCase_browser_nullCase || function (","            options,","            onError","        ) {","        /*","         * this function will test browsers's null-case handling-behavior-behavior","         */","            onError(null, options);","        };","","        // run tests","        local.nop(local.modeTest &&","            document.querySelector('#testRunButton1') &&","            document.querySelector('#testRunButton1').click());","        break;","","","","    // run node js-env code - post-init","    /* istanbul ignore next */","    case 'node':","        local.testCase_buildApidoc_default = local.testCase_buildApidoc_default || function (","            options,","            onError","        ) {","        /*","         * this function will test buildApidoc's default handling-behavior-behavior","         */","            options = { modulePathList: module.paths };","            local.buildApidoc(options, onError);","        };","","        local.testCase_buildApp_default = local.testCase_buildApp_default || function (","            options,","            onError","        ) {","        /*","         * this function will test buildApp's default handling-behavior-behavior","         */","            local.testCase_buildReadme_default(options, local.onErrorThrow);","            local.testCase_buildLib_default(options, local.onErrorThrow);","            local.testCase_buildTest_default(options, local.onErrorThrow);","            local.testCase_buildCustomOrg_default(options, local.onErrorThrow);","            options = [];","            local.buildApp(options, onError);","        };","","        local.testCase_buildCustomOrg_default = local.testCase_buildCustomOrg_default ||","            function (options, onError) {","            /*","             * this function will test buildCustomOrg's default handling-behavior","             */","                options = {};","                local.buildCustomOrg(options, onError);","            };","","        local.testCase_buildLib_default = local.testCase_buildLib_default || function (","            options,","            onError","        ) {","        /*","         * this function will test buildLib's default handling-behavior","         */","            options = {};","            local.buildLib(options, onError);","        };","","        local.testCase_buildReadme_default = local.testCase_buildReadme_default || function (","            options,","            onError","        ) {","        /*","         * this function will test buildReadme's default handling-behavior-behavior","         */","            options = {};","            local.buildReadme(options, onError);","        };","","        local.testCase_buildTest_default = local.testCase_buildTest_default || function (","            options,","            onError","        ) {","        /*","         * this function will test buildTest's default handling-behavior","         */","            options = {};","            local.buildTest(options, onError);","        };","","        local.testCase_webpage_default = local.testCase_webpage_default || function (","            options,","            onError","        ) {","        /*","         * this function will test webpage's default handling-behavior","         */","            options = { modeCoverageMerge: true, url: local.serverLocalHost + '?modeTest=1' };","            local.browserTest(options, onError);","        };","","        // run test-server","        local.testRunServer(local);","        break;","    }","}());",""],"l":{"12":2,"14":2,"19":2,"21":2,"23":2,"24":2,"25":2,"30":1,"37":2,"40":2,"43":1,"47":1,"50":1,"52":1,"55":2,"61":2,"62":2,"64":2,"70":1,"76":1,"82":2,"83":2,"85":2,"91":1,"98":1,"102":1,"105":1,"112":1,"119":1,"120":1,"123":1,"130":1,"131":1,"132":1,"133":1,"134":1,"135":1,"138":1,"143":2,"144":2,"147":1,"154":2,"155":2,"158":1,"165":2,"166":2,"169":1,"176":2,"177":2,"180":1,"187":1,"188":1,"192":1,"193":1}},"/home/travis/build/npmtest/node-npmtest-nodemcu-tool/lib.npmtest_nodemcu_tool.js":{"path":"/home/travis/build/npmtest/node-npmtest-nodemcu-tool/lib.npmtest_nodemcu_tool.js","s":{"1":2,"2":2,"3":2,"4":2,"5":2,"6":2,"7":2,"8":1,"9":2,"10":2,"11":2,"12":2,"13":1,"14":1,"15":1,"16":1},"b":{"1":[2,1,1,1],"2":[1,1,1,1],"3":[1,1],"4":[2,2],"5":[1,1]},"f":{"1":2,"2":2,"3":2},"fnMap":{"1":{"name":"(anonymous_1)","line":12,"loc":{"start":{"line":12,"column":1},"end":{"line":12,"column":13}}},"2":{"name":"(anonymous_2)","line":19,"loc":{"start":{"line":19,"column":5},"end":{"line":19,"column":17}}},"3":{"name":"(anonymous_3)","line":23,"loc":{"start":{"line":23,"column":24},"end":{"line":23,"column":36}}}},"statementMap":{"1":{"start":{"line":12,"column":0},"end":{"line":53,"column":5}},"2":{"start":{"line":14,"column":4},"end":{"line":14,"column":14}},"3":{"start":{"line":19,"column":4},"end":{"line":52,"column":9}},"4":{"start":{"line":21,"column":8},"end":{"line":21,"column":19}},"5":{"start":{"line":23,"column":8},"end":{"line":35,"column":13}},"6":{"start":{"line":24,"column":12},"end":{"line":34,"column":13}},"7":{"start":{"line":25,"column":16},"end":{"line":28,"column":30}},"8":{"start":{"line":30,"column":16},"end":{"line":33,"column":27}},"9":{"start":{"line":37,"column":8},"end":{"line":39,"column":21}},"10":{"start":{"line":41,"column":8},"end":{"line":41,"column":54}},"11":{"start":{"line":43,"column":8},"end":{"line":43,"column":57}},"12":{"start":{"line":45,"column":8},"end":{"line":51,"column":9}},"13":{"start":{"line":46,"column":12},"end":{"line":46,"column":63}},"14":{"start":{"line":48,"column":12},"end":{"line":48,"column":35}},"15":{"start":{"line":49,"column":12},"end":{"line":49,"column":49}},"16":{"start":{"line":50,"column":12},"end":{"line":50,"column":43}}},"branchMap":{"1":{"line":25,"type":"binary-expr","locations":[{"start":{"line":25,"column":23},"end":{"line":25,"column":62}},{"start":{"line":26,"column":20},"end":{"line":26,"column":70}},{"start":{"line":27,"column":20},"end":{"line":27,"column":71}},{"start":{"line":28,"column":20},"end":{"line":28,"column":29}}]},"2":{"line":30,"type":"binary-expr","locations":[{"start":{"line":30,"column":23},"end":{"line":30,"column":37}},{"start":{"line":31,"column":20},"end":{"line":31,"column":61}},{"start":{"line":32,"column":20},"end":{"line":32,"column":70}},{"start":{"line":33,"column":20},"end":{"line":33,"column":26}}]},"3":{"line":37,"type":"cond-expr","locations":[{"start":{"line":38,"column":14},"end":{"line":38,"column":20}},{"start":{"line":39,"column":14},"end":{"line":39,"column":20}}]},"4":{"line":41,"type":"binary-expr","locations":[{"start":{"line":41,"column":16},"end":{"line":41,"column":44}},{"start":{"line":41,"column":48},"end":{"line":41,"column":53}}]},"5":{"line":45,"type":"if","locations":[{"start":{"line":45,"column":8},"end":{"line":45,"column":8}},{"start":{"line":45,"column":8},"end":{"line":45,"column":8}}]}},"code":["/* istanbul instrument in package npmtest_nodemcu_tool */","/*jslint","    bitwise: true,","    browser: true,","    maxerr: 8,","    maxlen: 96,","    node: true,","    nomen: true,","    regexp: true,","    stupid: true","*/","(function () {","    'use strict';","    var local;","","","","    // run shared js-env code - pre-init","    (function () {","        // init local","        local = {};","        // init modeJs","        local.modeJs = (function () {","            try {","                return typeof navigator.userAgent === 'string' &&","                    typeof document.querySelector('body') === 'object' &&","                    typeof XMLHttpRequest.prototype.open === 'function' &&","                    'browser';","            } catch (errorCaughtBrowser) {","                return module.exports &&","                    typeof process.versions.node === 'string' &&","                    typeof require('http').createServer === 'function' &&","                    'node';","            }","        }());","        // init global","        local.global = local.modeJs === 'browser'","            ? window","            : global;","        // init utility2_rollup","        local = local.global.utility2_rollup || local;","        // init lib","        local.local = local.npmtest_nodemcu_tool = local;","        // init exports","        if (local.modeJs === 'browser') {","            local.global.utility2_npmtest_nodemcu_tool = local;","        } else {","            module.exports = local;","            module.exports.__dirname = __dirname;","            module.exports.module = module;","        }","    }());","}());",""],"l":{"12":2,"14":2,"19":2,"21":2,"23":2,"24":2,"25":2,"30":1,"37":2,"41":2,"43":2,"45":2,"46":1,"48":1,"49":1,"50":1}},"/home/travis/build/npmtest/node-npmtest-nodemcu-tool/example.js":{"path":"/home/travis/build/npmtest/node-npmtest-nodemcu-tool/example.js","s":{"1":2,"2":2,"3":2,"4":2,"5":2,"6":2,"7":2,"8":1,"9":2,"10":2,"11":2,"12":2,"13":1,"14":2,"15":2,"16":2,"17":2,"18":2,"19":0,"20":2,"21":1,"22":1,"23":1,"24":1,"25":1,"26":0,"27":0,"28":1,"29":1,"30":2,"31":0,"32":0,"33":0,"34":1,"35":2,"36":2,"37":3,"38":3,"39":3,"40":3,"41":0,"42":3,"43":3,"44":3,"45":1,"46":3,"47":1,"48":1,"49":1,"50":1,"51":1,"52":1,"53":1,"54":1,"55":1,"56":1,"57":0,"58":1,"59":6,"60":6,"61":1,"62":2,"63":0,"64":2,"65":1,"66":1,"67":0,"68":0,"69":0,"70":0,"71":0,"72":0,"73":0,"74":0,"75":0,"76":0,"77":0,"78":0,"79":0,"80":0,"81":0,"82":0,"83":0},"b":{"1":[2,1,1,1],"2":[1,1,1,1],"3":[1,1],"4":[2,2],"5":[1,1],"6":[1,1],"7":[2,0],"8":[2,1,1,1,1,1],"9":[0,2,0],"10":[1,1],"11":[2,1,1],"12":[1,0],"13":[0,2],"14":[2,0,0,0,0,0,0],"15":[0,3],"16":[3,0],"17":[1,1],"18":[0,1],"19":[1,2,0,2],"20":[1,0],"21":[1,1],"22":[0,0],"23":[0,0],"24":[0,0],"25":[0,0],"26":[0,0],"27":[0,0],"28":[0,0]},"f":{"1":2,"2":2,"3":2,"4":2,"5":2,"6":2,"7":3,"8":3,"9":3,"10":1,"11":6,"12":0},"fnMap":{"1":{"name":"(anonymous_1)","line":26,"loc":{"start":{"line":26,"column":1},"end":{"line":26,"column":13}}},"2":{"name":"(anonymous_2)","line":33,"loc":{"start":{"line":33,"column":5},"end":{"line":33,"column":17}}},"3":{"name":"(anonymous_3)","line":37,"loc":{"start":{"line":37,"column":24},"end":{"line":37,"column":36}}},"4":{"name":"(anonymous_4)","line":69,"loc":{"start":{"line":69,"column":31},"end":{"line":69,"column":48}},"skip":true},"5":{"name":"(anonymous_5)","line":78,"loc":{"start":{"line":78,"column":26},"end":{"line":78,"column":45}},"skip":true},"6":{"name":"(anonymous_6)","line":123,"loc":{"start":{"line":123,"column":33},"end":{"line":123,"column":48}},"skip":true},"7":{"name":"(anonymous_7)","line":125,"loc":{"start":{"line":125,"column":27},"end":{"line":125,"column":39}},"skip":true},"8":{"name":"(anonymous_8)","line":133,"loc":{"start":{"line":133,"column":59},"end":{"line":133,"column":74}},"skip":true},"9":{"name":"(anonymous_9)","line":143,"loc":{"start":{"line":143,"column":45},"end":{"line":143,"column":62}},"skip":true},"10":{"name":"(anonymous_10)","line":144,"loc":{"start":{"line":144,"column":73},"end":{"line":144,"column":92}},"skip":true},"11":{"name":"(anonymous_11)","line":272,"loc":{"start":{"line":272,"column":51},"end":{"line":272,"column":77}},"skip":true},"12":{"name":"(anonymous_12)","line":315,"loc":{"start":{"line":315,"column":32},"end":{"line":315,"column":61}},"skip":true}},"statementMap":{"1":{"start":{"line":26,"column":0},"end":{"line":326,"column":5}},"2":{"start":{"line":28,"column":4},"end":{"line":28,"column":14}},"3":{"start":{"line":33,"column":4},"end":{"line":60,"column":9}},"4":{"start":{"line":35,"column":8},"end":{"line":35,"column":19}},"5":{"start":{"line":37,"column":8},"end":{"line":49,"column":13}},"6":{"start":{"line":38,"column":12},"end":{"line":48,"column":13}},"7":{"start":{"line":39,"column":16},"end":{"line":42,"column":30}},"8":{"start":{"line":44,"column":16},"end":{"line":47,"column":27}},"9":{"start":{"line":51,"column":8},"end":{"line":53,"column":21}},"10":{"start":{"line":55,"column":8},"end":{"line":57,"column":45}},"11":{"start":{"line":59,"column":8},"end":{"line":59,"column":35}},"12":{"start":{"line":61,"column":4},"end":{"line":325,"column":5}},"13":{"start":{"line":69,"column":8},"end":{"line":121,"column":10},"skip":true},"14":{"start":{"line":70,"column":12},"end":{"line":88,"column":13},"skip":true},"15":{"start":{"line":76,"column":16},"end":{"line":87,"column":19},"skip":true},"16":{"start":{"line":79,"column":20},"end":{"line":86,"column":21},"skip":true},"17":{"start":{"line":82,"column":24},"end":{"line":82,"column":43},"skip":true},"18":{"start":{"line":83,"column":24},"end":{"line":83,"column":30},"skip":true},"19":{"start":{"line":85,"column":24},"end":{"line":85,"column":49},"skip":true},"20":{"start":{"line":89,"column":12},"end":{"line":107,"column":13},"skip":true},"21":{"start":{"line":92,"column":16},"end":{"line":102,"column":17},"skip":true},"22":{"start":{"line":93,"column":20},"end":{"line":93,"column":86},"skip":true},"23":{"start":{"line":94,"column":20},"end":{"line":95,"column":45},"skip":true},"24":{"start":{"line":96,"column":20},"end":{"line":96,"column":42},"skip":true},"25":{"start":{"line":97,"column":20},"end":{"line":97,"column":48},"skip":true},"26":{"start":{"line":100,"column":20},"end":{"line":100,"column":85},"skip":true},"27":{"start":{"line":101,"column":20},"end":{"line":101,"column":96},"skip":true},"28":{"start":{"line":103,"column":16},"end":{"line":103,"column":22},"skip":true},"29":{"start":{"line":106,"column":16},"end":{"line":106,"column":22},"skip":true},"30":{"start":{"line":108,"column":12},"end":{"line":120,"column":13},"skip":true},"31":{"start":{"line":114,"column":16},"end":{"line":119,"column":17},"skip":true},"32":{"start":{"line":116,"column":20},"end":{"line":116,"column":78},"skip":true},"33":{"start":{"line":118,"column":20},"end":{"line":118,"column":47},"skip":true},"34":{"start":{"line":123,"column":8},"end":{"line":141,"column":11},"skip":true},"35":{"start":{"line":124,"column":12},"end":{"line":124,"column":54},"skip":true},"36":{"start":{"line":125,"column":12},"end":{"line":140,"column":14},"skip":true},"37":{"start":{"line":126,"column":16},"end":{"line":126,"column":28},"skip":true},"38":{"start":{"line":127,"column":16},"end":{"line":127,"column":69},"skip":true},"39":{"start":{"line":128,"column":16},"end":{"line":128,"column":75},"skip":true},"40":{"start":{"line":129,"column":16},"end":{"line":131,"column":17},"skip":true},"41":{"start":{"line":130,"column":20},"end":{"line":130,"column":27},"skip":true},"42":{"start":{"line":133,"column":16},"end":{"line":137,"column":36},"skip":true},"43":{"start":{"line":134,"column":20},"end":{"line":136,"column":55},"skip":true},"44":{"start":{"line":139,"column":16},"end":{"line":139,"column":57},"skip":true},"45":{"start":{"line":143,"column":8},"end":{"line":147,"column":11},"skip":true},"46":{"start":{"line":144,"column":12},"end":{"line":146,"column":15},"skip":true},"47":{"start":{"line":145,"column":16},"end":{"line":145,"column":70},"skip":true},"48":{"start":{"line":149,"column":8},"end":{"line":149,"column":31},"skip":true},"49":{"start":{"line":150,"column":8},"end":{"line":150,"column":14},"skip":true},"50":{"start":{"line":158,"column":8},"end":{"line":158,"column":31},"skip":true},"51":{"start":{"line":160,"column":8},"end":{"line":160,"column":33},"skip":true},"52":{"start":{"line":161,"column":8},"end":{"line":161,"column":37},"skip":true},"53":{"start":{"line":162,"column":8},"end":{"line":162,"column":35},"skip":true},"54":{"start":{"line":164,"column":8},"end":{"line":164,"column":50},"skip":true},"55":{"start":{"line":166,"column":8},"end":{"line":256,"column":2},"skip":true},"56":{"start":{"line":258,"column":8},"end":{"line":286,"column":9},"skip":true},"57":{"start":{"line":259,"column":12},"end":{"line":269,"column":14},"skip":true},"58":{"start":{"line":271,"column":12},"end":{"line":285,"column":19},"skip":true},"59":{"start":{"line":274,"column":20},"end":{"line":274,"column":35},"skip":true},"60":{"start":{"line":275,"column":20},"end":{"line":284,"column":21},"skip":true},"61":{"start":{"line":277,"column":24},"end":{"line":277,"column":64},"skip":true},"62":{"start":{"line":279,"column":24},"end":{"line":279,"column":40},"skip":true},"63":{"start":{"line":281,"column":24},"end":{"line":281,"column":40},"skip":true},"64":{"start":{"line":283,"column":24},"end":{"line":283,"column":39},"skip":true},"65":{"start":{"line":288,"column":8},"end":{"line":290,"column":9},"skip":true},"66":{"start":{"line":289,"column":12},"end":{"line":289,"column":18},"skip":true},"67":{"start":{"line":291,"column":8},"end":{"line":293,"column":54},"skip":true},"68":{"start":{"line":296,"column":8},"end":{"line":301,"column":37},"skip":true},"69":{"start":{"line":303,"column":8},"end":{"line":303,"column":82},"skip":true},"70":{"start":{"line":306,"column":8},"end":{"line":308,"column":9},"skip":true},"71":{"start":{"line":307,"column":12},"end":{"line":307,"column":82},"skip":true},"72":{"start":{"line":310,"column":8},"end":{"line":312,"column":9},"skip":true},"73":{"start":{"line":311,"column":12},"end":{"line":311,"column":18},"skip":true},"74":{"start":{"line":313,"column":8},"end":{"line":313,"column":54},"skip":true},"75":{"start":{"line":314,"column":8},"end":{"line":314,"column":69},"skip":true},"76":{"start":{"line":315,"column":8},"end":{"line":323,"column":36},"skip":true},"77":{"start":{"line":316,"column":12},"end":{"line":316,"column":61},"skip":true},"78":{"start":{"line":317,"column":12},"end":{"line":320,"column":13},"skip":true},"79":{"start":{"line":318,"column":16},"end":{"line":318,"column":75},"skip":true},"80":{"start":{"line":319,"column":16},"end":{"line":319,"column":23},"skip":true},"81":{"start":{"line":321,"column":12},"end":{"line":321,"column":38},"skip":true},"82":{"start":{"line":322,"column":12},"end":{"line":322,"column":27},"skip":true},"83":{"start":{"line":324,"column":8},"end":{"line":324,"column":14},"skip":true}},"branchMap":{"1":{"line":39,"type":"binary-expr","locations":[{"start":{"line":39,"column":23},"end":{"line":39,"column":62}},{"start":{"line":40,"column":20},"end":{"line":40,"column":70}},{"start":{"line":41,"column":20},"end":{"line":41,"column":71}},{"start":{"line":42,"column":20},"end":{"line":42,"column":29}}]},"2":{"line":44,"type":"binary-expr","locations":[{"start":{"line":44,"column":23},"end":{"line":44,"column":37}},{"start":{"line":45,"column":20},"end":{"line":45,"column":61}},{"start":{"line":46,"column":20},"end":{"line":46,"column":70}},{"start":{"line":47,"column":20},"end":{"line":47,"column":26}}]},"3":{"line":51,"type":"cond-expr","locations":[{"start":{"line":52,"column":14},"end":{"line":52,"column":20}},{"start":{"line":53,"column":14},"end":{"line":53,"column":20}}]},"4":{"line":55,"type":"binary-expr","locations":[{"start":{"line":55,"column":16},"end":{"line":55,"column":44}},{"start":{"line":55,"column":49},"end":{"line":57,"column":43}}]},"5":{"line":55,"type":"cond-expr","locations":[{"start":{"line":56,"column":14},"end":{"line":56,"column":56}},{"start":{"line":57,"column":14},"end":{"line":57,"column":43}}]},"6":{"line":61,"type":"switch","locations":[{"start":{"line":68,"column":4},"end":{"line":150,"column":14},"skip":true},{"start":{"line":156,"column":4},"end":{"line":324,"column":14},"skip":true}]},"7":{"line":70,"type":"if","locations":[{"start":{"line":70,"column":12},"end":{"line":70,"column":12},"skip":true},{"start":{"line":70,"column":12},"end":{"line":70,"column":12},"skip":true}]},"8":{"line":70,"type":"binary-expr","locations":[{"start":{"line":70,"column":16},"end":{"line":70,"column":22},"skip":true},{"start":{"line":70,"column":27},"end":{"line":70,"column":32},"skip":true},{"start":{"line":71,"column":20},"end":{"line":71,"column":39},"skip":true},{"start":{"line":72,"column":20},"end":{"line":72,"column":49},"skip":true},{"start":{"line":73,"column":20},"end":{"line":73,"column":58},"skip":true},{"start":{"line":74,"column":20},"end":{"line":74,"column":69},"skip":true}]},"9":{"line":79,"type":"switch","locations":[{"start":{"line":80,"column":20},"end":{"line":80,"column":33},"skip":true},{"start":{"line":81,"column":20},"end":{"line":83,"column":30},"skip":true},{"start":{"line":84,"column":20},"end":{"line":85,"column":49},"skip":true}]},"10":{"line":89,"type":"switch","locations":[{"start":{"line":90,"column":12},"end":{"line":103,"column":22},"skip":true},{"start":{"line":105,"column":12},"end":{"line":106,"column":22},"skip":true}]},"11":{"line":89,"type":"binary-expr","locations":[{"start":{"line":89,"column":20},"end":{"line":89,"column":25},"skip":true},{"start":{"line":89,"column":29},"end":{"line":89,"column":48},"skip":true},{"start":{"line":89,"column":52},"end":{"line":89,"column":74},"skip":true}]},"12":{"line":92,"type":"if","locations":[{"start":{"line":92,"column":16},"end":{"line":92,"column":16},"skip":true},{"start":{"line":92,"column":16},"end":{"line":92,"column":16},"skip":true}]},"13":{"line":108,"type":"if","locations":[{"start":{"line":108,"column":12},"end":{"line":108,"column":12},"skip":true},{"start":{"line":108,"column":12},"end":{"line":108,"column":12},"skip":true}]},"14":{"line":108,"type":"binary-expr","locations":[{"start":{"line":108,"column":16},"end":{"line":108,"column":61},"skip":true},{"start":{"line":108,"column":66},"end":{"line":108,"column":72},"skip":true},{"start":{"line":108,"column":77},"end":{"line":108,"column":82},"skip":true},{"start":{"line":109,"column":20},"end":{"line":109,"column":39},"skip":true},{"start":{"line":110,"column":20},"end":{"line":110,"column":49},"skip":true},{"start":{"line":111,"column":20},"end":{"line":111,"column":58},"skip":true},{"start":{"line":112,"column":20},"end":{"line":112,"column":68},"skip":true}]},"15":{"line":129,"type":"if","locations":[{"start":{"line":129,"column":16},"end":{"line":129,"column":16},"skip":true},{"start":{"line":129,"column":16},"end":{"line":129,"column":16},"skip":true}]},"16":{"line":134,"type":"cond-expr","locations":[{"start":{"line":135,"column":26},"end":{"line":135,"column":29},"skip":true},{"start":{"line":136,"column":26},"end":{"line":136,"column":54},"skip":true}]},"17":{"line":164,"type":"binary-expr","locations":[{"start":{"line":164,"column":27},"end":{"line":164,"column":43},"skip":true},{"start":{"line":164,"column":47},"end":{"line":164,"column":49},"skip":true}]},"18":{"line":258,"type":"if","locations":[{"start":{"line":258,"column":8},"end":{"line":258,"column":8},"skip":true},{"start":{"line":258,"column":8},"end":{"line":258,"column":8},"skip":true}]},"19":{"line":275,"type":"switch","locations":[{"start":{"line":276,"column":20},"end":{"line":277,"column":64},"skip":true},{"start":{"line":278,"column":20},"end":{"line":279,"column":40},"skip":true},{"start":{"line":280,"column":20},"end":{"line":281,"column":40},"skip":true},{"start":{"line":282,"column":20},"end":{"line":283,"column":39},"skip":true}]},"20":{"line":288,"type":"if","locations":[{"start":{"line":288,"column":8},"end":{"line":288,"column":8},"skip":true},{"start":{"line":288,"column":8},"end":{"line":288,"column":8},"skip":true}]},"21":{"line":288,"type":"binary-expr","locations":[{"start":{"line":288,"column":12},"end":{"line":288,"column":40},"skip":true},{"start":{"line":288,"column":44},"end":{"line":288,"column":67},"skip":true}]},"22":{"line":292,"type":"binary-expr","locations":[{"start":{"line":292,"column":12},"end":{"line":292,"column":50},"skip":true},{"start":{"line":293,"column":12},"end":{"line":293,"column":53},"skip":true}]},"23":{"line":297,"type":"binary-expr","locations":[{"start":{"line":297,"column":12},"end":{"line":297,"column":70},"skip":true},{"start":{"line":298,"column":12},"end":{"line":301,"column":36},"skip":true}]},"24":{"line":303,"type":"binary-expr","locations":[{"start":{"line":303,"column":43},"end":{"line":303,"column":75},"skip":true},{"start":{"line":303,"column":79},"end":{"line":303,"column":81},"skip":true}]},"25":{"line":306,"type":"if","locations":[{"start":{"line":306,"column":8},"end":{"line":306,"column":8},"skip":true},{"start":{"line":306,"column":8},"end":{"line":306,"column":8},"skip":true}]},"26":{"line":310,"type":"if","locations":[{"start":{"line":310,"column":8},"end":{"line":310,"column":8},"skip":true},{"start":{"line":310,"column":8},"end":{"line":310,"column":8},"skip":true}]},"27":{"line":313,"type":"binary-expr","locations":[{"start":{"line":313,"column":27},"end":{"line":313,"column":43},"skip":true},{"start":{"line":313,"column":47},"end":{"line":313,"column":53},"skip":true}]},"28":{"line":317,"type":"if","locations":[{"start":{"line":317,"column":12},"end":{"line":317,"column":12},"skip":true},{"start":{"line":317,"column":12},"end":{"line":317,"column":12},"skip":true}]}},"code":["/*","example.js","","quickstart example","","instruction","    1. save this script as example.js","    2. run the shell command:","        $ npm install npmtest-nodemcu-tool && PORT=8081 node example.js","    3. play with the browser-demo on http://127.0.0.1:8081","*/","","","","/* istanbul instrument in package npmtest_nodemcu_tool */","/*jslint","    bitwise: true,","    browser: true,","    maxerr: 8,","    maxlen: 96,","    node: true,","    nomen: true,","    regexp: true,","    stupid: true","*/","(function () {","    'use strict';","    var local;","","","","    // run shared js-env code - pre-init","    (function () {","        // init local","        local = {};","        // init modeJs","        local.modeJs = (function () {","            try {","                return typeof navigator.userAgent === 'string' &&","                    typeof document.querySelector('body') === 'object' &&","                    typeof XMLHttpRequest.prototype.open === 'function' &&","                    'browser';","            } catch (errorCaughtBrowser) {","                return module.exports &&","                    typeof process.versions.node === 'string' &&","                    typeof require('http').createServer === 'function' &&","                    'node';","            }","        }());","        // init global","        local.global = local.modeJs === 'browser'","            ? window","            : global;","        // init utility2_rollup","        local = local.global.utility2_rollup || (local.modeJs === 'browser'","            ? local.global.utility2_npmtest_nodemcu_tool","            : global.utility2_moduleExports);","        // export local","        local.global.local = local;","    }());","    switch (local.modeJs) {","","","","    // post-init","    // run browser js-env code - post-init","    /* istanbul ignore next */","    case 'browser':","        local.testRunBrowser = function (event) {","            if (!event || (event &&","                    event.currentTarget &&","                    event.currentTarget.className &&","                    event.currentTarget.className.includes &&","                    event.currentTarget.className.includes('onreset'))) {","                // reset output","                Array.from(","                    document.querySelectorAll('body > .resettable')","                ).forEach(function (element) {","                    switch (element.tagName) {","                    case 'INPUT':","                    case 'TEXTAREA':","                        element.value = '';","                        break;","                    default:","                        element.textContent = '';","                    }","                });","            }","            switch (event && event.currentTarget && event.currentTarget.id) {","            case 'testRunButton1':","                // show tests","                if (document.querySelector('#testReportDiv1').style.display === 'none') {","                    document.querySelector('#testReportDiv1').style.display = 'block';","                    document.querySelector('#testRunButton1').textContent =","                        'hide internal test';","                    local.modeTest = true;","                    local.testRunDefault(local);","                // hide tests","                } else {","                    document.querySelector('#testReportDiv1').style.display = 'none';","                    document.querySelector('#testRunButton1').textContent = 'run internal test';","                }","                break;","            // custom-case","            default:","                break;","            }","            if (document.querySelector('#inputTextareaEval1') && (!event || (event &&","                    event.currentTarget &&","                    event.currentTarget.className &&","                    event.currentTarget.className.includes &&","                    event.currentTarget.className.includes('oneval')))) {","                // try to eval input-code","                try {","                    /*jslint evil: true*/","                    eval(document.querySelector('#inputTextareaEval1').value);","                } catch (errorCaught) {","                    console.error(errorCaught);","                }","            }","        };","        // log stderr and stdout to #outputTextareaStdout1","        ['error', 'log'].forEach(function (key) {","            console[key + '_original'] = console[key];","            console[key] = function () {","                var element;","                console[key + '_original'].apply(console, arguments);","                element = document.querySelector('#outputTextareaStdout1');","                if (!element) {","                    return;","                }","                // append text to #outputTextareaStdout1","                element.value += Array.from(arguments).map(function (arg) {","                    return typeof arg === 'string'","                        ? arg","                        : JSON.stringify(arg, null, 4);","                }).join(' ') + '\\n';","                // scroll textarea to bottom","                element.scrollTop = element.scrollHeight;","            };","        });","        // init event-handling","        ['change', 'click', 'keyup'].forEach(function (event) {","            Array.from(document.querySelectorAll('.on' + event)).forEach(function (element) {","                element.addEventListener(event, local.testRunBrowser);","            });","        });","        // run tests","        local.testRunBrowser();","        break;","","","","    // run node js-env code - post-init","    /* istanbul ignore next */","    case 'node':","        // export local","        module.exports = local;","        // require modules","        local.fs = require('fs');","        local.http = require('http');","        local.url = require('url');","        // init assets","        local.assetsDict = local.assetsDict || {};","        /* jslint-ignore-begin */","        local.assetsDict['/assets.index.template.html'] = '\\","<!doctype html>\\n\\","<html lang=\"en\">\\n\\","<head>\\n\\","<meta charset=\"UTF-8\">\\n\\","<meta name=\"viewport\" content=\"width=device-width, initial-scale=1\">\\n\\","<title>{{env.npm_package_name}} (v{{env.npm_package_version}})</title>\\n\\","<style>\\n\\","/*csslint\\n\\","    box-sizing: false,\\n\\","    universal-selector: false\\n\\","*/\\n\\","* {\\n\\","    box-sizing: border-box;\\n\\","}\\n\\","body {\\n\\","    background: #dde;\\n\\","    font-family: Arial, Helvetica, sans-serif;\\n\\","    margin: 2rem;\\n\\","}\\n\\","body > * {\\n\\","    margin-bottom: 1rem;\\n\\","}\\n\\",".utility2FooterDiv {\\n\\","    margin-top: 20px;\\n\\","    text-align: center;\\n\\","}\\n\\","</style>\\n\\","<style>\\n\\","/*csslint\\n\\","*/\\n\\","textarea {\\n\\","    font-family: monospace;\\n\\","    height: 10rem;\\n\\","    width: 100%;\\n\\","}\\n\\","textarea[readonly] {\\n\\","    background: #ddd;\\n\\","}\\n\\","</style>\\n\\","</head>\\n\\","<body>\\n\\","<!-- utility2-comment\\n\\","<div id=\"ajaxProgressDiv1\" style=\"background: #d00; height: 2px; left: 0; margin: 0; padding: 0; position: fixed; top: 0; transition: background 0.5s, width 1.5s; width: 25%;\"></div>\\n\\","utility2-comment -->\\n\\","<h1>\\n\\","<!-- utility2-comment\\n\\","    <a\\n\\","        {{#if env.npm_package_homepage}}\\n\\","        href=\"{{env.npm_package_homepage}}\"\\n\\","        {{/if env.npm_package_homepage}}\\n\\","        target=\"_blank\"\\n\\","    >\\n\\","utility2-comment -->\\n\\","        {{env.npm_package_name}} (v{{env.npm_package_version}})\\n\\","<!-- utility2-comment\\n\\","    </a>\\n\\","utility2-comment -->\\n\\","</h1>\\n\\","<h3>{{env.npm_package_description}}</h3>\\n\\","<!-- utility2-comment\\n\\","<h4><a download href=\"assets.app.js\">download standalone app</a></h4>\\n\\","<button class=\"onclick onreset\" id=\"testRunButton1\">run internal test</button><br>\\n\\","<div id=\"testReportDiv1\" style=\"display: none;\"></div>\\n\\","utility2-comment -->\\n\\","\\n\\","\\n\\","\\n\\","<label>stderr and stdout</label>\\n\\","<textarea class=\"resettable\" id=\"outputTextareaStdout1\" readonly></textarea>\\n\\","<!-- utility2-comment\\n\\","{{#if isRollup}}\\n\\","<script src=\"assets.app.js\"></script>\\n\\","{{#unless isRollup}}\\n\\","utility2-comment -->\\n\\","<script src=\"assets.utility2.rollup.js\"></script>\\n\\","<script src=\"jsonp.utility2._stateInit?callback=window.utility2._stateInit\"></script>\\n\\","<script src=\"assets.npmtest_nodemcu_tool.rollup.js\"></script>\\n\\","<script src=\"assets.example.js\"></script>\\n\\","<script src=\"assets.test.js\"></script>\\n\\","<!-- utility2-comment\\n\\","{{/if isRollup}}\\n\\","utility2-comment -->\\n\\","<div class=\"utility2FooterDiv\">\\n\\","    [ this app was created with\\n\\","    <a href=\"https://github.com/kaizhu256/node-utility2\" target=\"_blank\">utility2</a>\\n\\","    ]\\n\\","</div>\\n\\","</body>\\n\\","</html>\\n\\","';","        /* jslint-ignore-end */","        if (local.templateRender) {","            local.assetsDict['/'] = local.templateRender(","                local.assetsDict['/assets.index.template.html'],","                {","                    env: local.objectSetDefault(local.env, {","                        npm_package_description: 'the greatest app in the world!',","                        npm_package_name: 'my-app',","                        npm_package_nameAlias: 'my_app',","                        npm_package_version: '0.0.1'","                    })","                }","            );","        } else {","            local.assetsDict['/'] = local.assetsDict['/assets.index.template.html']","                .replace((/\\{\\{env\\.(\\w+?)\\}\\}/g), function (match0, match1) {","                    // jslint-hack","                    String(match0);","                    switch (match1) {","                    case 'npm_package_description':","                        return 'the greatest app in the world!';","                    case 'npm_package_name':","                        return 'my-app';","                    case 'npm_package_nameAlias':","                        return 'my_app';","                    case 'npm_package_version':","                        return '0.0.1';","                    }","                });","        }","        // run the cli","        if (local.global.utility2_rollup || module !== require.main) {","            break;","        }","        local.assetsDict['/assets.example.js'] =","            local.assetsDict['/assets.example.js'] ||","            local.fs.readFileSync(__filename, 'utf8');","        // bug-workaround - long $npm_package_buildCustomOrg","        /* jslint-ignore-begin */","        local.assetsDict['/assets.npmtest_nodemcu_tool.rollup.js'] =","            local.assetsDict['/assets.npmtest_nodemcu_tool.rollup.js'] ||","            local.fs.readFileSync(","                local.npmtest_nodemcu_tool.__dirname + '/lib.npmtest_nodemcu_tool.js',","                'utf8'","            ).replace((/^#!/), '//');","        /* jslint-ignore-end */","        local.assetsDict['/favicon.ico'] = local.assetsDict['/favicon.ico'] || '';","        // if $npm_config_timeout_exit exists,","        // then exit this process after $npm_config_timeout_exit ms","        if (Number(process.env.npm_config_timeout_exit)) {","            setTimeout(process.exit, Number(process.env.npm_config_timeout_exit));","        }","        // start server","        if (local.global.utility2_serverHttp1) {","            break;","        }","        process.env.PORT = process.env.PORT || '8081';","        console.error('server starting on port ' + process.env.PORT);","        local.http.createServer(function (request, response) {","            request.urlParsed = local.url.parse(request.url);","            if (local.assetsDict[request.urlParsed.pathname] !== undefined) {","                response.end(local.assetsDict[request.urlParsed.pathname]);","                return;","            }","            response.statusCode = 404;","            response.end();","        }).listen(process.env.PORT);","        break;","    }","}());",""],"l":{"26":2,"28":2,"33":2,"35":2,"37":2,"38":2,"39":2,"44":1,"51":2,"55":2,"59":2,"61":2,"69":1,"70":2,"76":2,"79":2,"82":2,"83":2,"85":1,"89":2,"92":1,"93":1,"94":1,"96":1,"97":1,"100":1,"101":1,"103":1,"106":1,"108":2,"114":1,"116":1,"118":1,"123":1,"124":2,"125":2,"126":3,"127":3,"128":3,"129":3,"130":1,"133":3,"134":3,"139":3,"143":1,"144":3,"145":1,"149":1,"150":1,"158":1,"160":1,"161":1,"162":1,"164":1,"166":1,"258":1,"259":1,"271":1,"274":6,"275":6,"277":1,"279":2,"281":1,"283":2,"288":1,"289":1,"291":1,"296":1,"303":1,"306":1,"307":1,"310":1,"311":1,"313":1,"314":1,"315":1,"316":1,"317":1,"318":1,"319":1,"321":1,"322":1,"324":1}},"/home/travis/build/npmtest/node-npmtest-nodemcu-tool/node_modules/nodemcu-tool/lib/NodeMCU-Tool.js":{"path":"/home/travis/build/npmtest/node-npmtest-nodemcu-tool/node_modules/nodemcu-tool/lib/NodeMCU-Tool.js","s":{"1":1,"2":1,"3":1,"4":1,"5":1,"6":1,"7":1,"8":1,"9":1,"10":0,"11":1,"12":0,"13":0,"14":1,"15":1,"16":1,"17":0,"18":0,"19":1,"20":0,"21":0,"22":0,"23":0,"24":0,"25":0,"26":0,"27":0,"28":1,"29":0,"30":0,"31":0,"32":0,"33":0,"34":0,"35":0,"36":0,"37":0,"38":0,"39":0,"40":0,"41":0,"42":0,"43":0,"44":0,"45":1,"46":0,"47":0,"48":0,"49":0,"50":0,"51":0,"52":0,"53":0,"54":0,"55":0,"56":0,"57":0,"58":0,"59":0,"60":0,"61":0,"62":0,"63":0,"64":0,"65":0,"66":0,"67":0,"68":0,"69":0,"70":0,"71":0,"72":0,"73":0,"74":0,"75":0,"76":0,"77":0,"78":0,"79":0,"80":0,"81":0,"82":0,"83":0,"84":0,"85":0,"86":0,"87":0,"88":0,"89":0,"90":0,"91":0,"92":0,"93":0,"94":0,"95":0,"96":0,"97":0,"98":0,"99":0,"100":0,"101":0,"102":1,"103":0,"104":0,"105":0,"106":0,"107":0,"108":0,"109":0,"110":0,"111":0,"112":0,"113":0,"114":0,"115":0,"116":1,"117":0,"118":0,"119":0,"120":0,"121":0,"122":0,"123":0,"124":0,"125":0,"126":1,"127":0,"128":0,"129":0,"130":0,"131":0,"132":0,"133":1,"134":0,"135":0,"136":0,"137":0,"138":0,"139":0,"140":0,"141":1,"142":0,"143":0,"144":0,"145":0,"146":0,"147":0,"148":0,"149":0,"150":0,"151":1,"152":0,"153":0,"154":0,"155":0,"156":0,"157":0,"158":0,"159":0,"160":0,"161":0,"162":0,"163":1,"164":0,"165":0,"166":0,"167":0,"168":0,"169":0,"170":0,"171":0,"172":0,"173":0,"174":1,"175":0,"176":0,"177":0,"178":0,"179":0,"180":0,"181":1},"b":{"1":[0,0],"2":[0,0],"3":[0,0],"4":[0,0],"5":[0,0],"6":[0,0],"7":[0,0],"8":[0,0],"9":[0,0],"10":[0,0],"11":[0,0],"12":[0,0],"13":[0,0],"14":[0,0],"15":[0,0],"16":[0,0],"17":[0,0],"18":[0,0],"19":[0,0],"20":[0,0],"21":[0,0],"22":[0,0],"23":[0,0],"24":[0,0],"25":[0,0],"26":[0,0],"27":[0,0],"28":[0,0],"29":[0,0],"30":[0,0],"31":[0,0],"32":[0,0]},"f":{"1":0,"2":0,"3":1,"4":0,"5":0,"6":0,"7":0,"8":0,"9":0,"10":0,"11":0,"12":0,"13":0,"14":0,"15":0,"16":0,"17":0,"18":0,"19":0,"20":0,"21":0,"22":0,"23":0,"24":0,"25":0,"26":0,"27":0,"28":0,"29":0,"30":0,"31":0,"32":0,"33":0,"34":0,"35":0,"36":0,"37":0,"38":0,"39":0,"40":0,"41":0,"42":0,"43":0,"44":0,"45":0,"46":0},"fnMap":{"1":{"name":"(anonymous_1)","line":17,"loc":{"start":{"line":17,"column":20},"end":{"line":17,"column":37}}},"2":{"name":"(anonymous_2)","line":21,"loc":{"start":{"line":21,"column":18},"end":{"line":21,"column":35}}},"3":{"name":"(anonymous_3)","line":46,"loc":{"start":{"line":46,"column":14},"end":{"line":46,"column":33}}},"4":{"name":"(anonymous_4)","line":51,"loc":{"start":{"line":51,"column":16},"end":{"line":51,"column":29}}},"5":{"name":"(anonymous_5)","line":53,"loc":{"start":{"line":53,"column":38},"end":{"line":53,"column":51}}},"6":{"name":"(anonymous_6)","line":60,"loc":{"start":{"line":60,"column":20},"end":{"line":60,"column":32}}},"7":{"name":"(anonymous_7)","line":66,"loc":{"start":{"line":66,"column":22},"end":{"line":66,"column":47}}},"8":{"name":"(anonymous_8)","line":83,"loc":{"start":{"line":83,"column":14},"end":{"line":83,"column":30}}},"9":{"name":"(anonymous_9)","line":86,"loc":{"start":{"line":86,"column":18},"end":{"line":86,"column":37}}},"10":{"name":"(anonymous_10)","line":88,"loc":{"start":{"line":88,"column":25},"end":{"line":88,"column":51}}},"11":{"name":"(anonymous_11)","line":107,"loc":{"start":{"line":107,"column":34},"end":{"line":107,"column":48}}},"12":{"name":"(anonymous_12)","line":121,"loc":{"start":{"line":121,"column":38},"end":{"line":121,"column":52}}},"13":{"name":"(anonymous_13)","line":132,"loc":{"start":{"line":132,"column":14},"end":{"line":132,"column":54}}},"14":{"name":"(anonymous_14)","line":137,"loc":{"start":{"line":137,"column":21},"end":{"line":137,"column":79}}},"15":{"name":"(anonymous_15)","line":170,"loc":{"start":{"line":170,"column":45},"end":{"line":170,"column":58}}},"16":{"name":"(anonymous_16)","line":183,"loc":{"start":{"line":183,"column":16},"end":{"line":183,"column":29}}},"17":{"name":"(anonymous_17)","line":196,"loc":{"start":{"line":196,"column":58},"end":{"line":196,"column":73}}},"18":{"name":"(anonymous_18)","line":205,"loc":{"start":{"line":205,"column":69},"end":{"line":205,"column":84}}},"19":{"name":"(anonymous_19)","line":225,"loc":{"start":{"line":225,"column":16},"end":{"line":225,"column":40}}},"20":{"name":"(anonymous_20)","line":234,"loc":{"start":{"line":234,"column":18},"end":{"line":234,"column":37}}},"21":{"name":"(anonymous_21)","line":246,"loc":{"start":{"line":246,"column":57},"end":{"line":246,"column":67}}},"22":{"name":"(anonymous_22)","line":257,"loc":{"start":{"line":257,"column":29},"end":{"line":257,"column":39}}},"23":{"name":"(anonymous_23)","line":288,"loc":{"start":{"line":288,"column":16},"end":{"line":288,"column":36}}},"24":{"name":"(anonymous_24)","line":301,"loc":{"start":{"line":301,"column":18},"end":{"line":301,"column":37}}},"25":{"name":"(anonymous_25)","line":306,"loc":{"start":{"line":306,"column":12},"end":{"line":306,"column":35}}},"26":{"name":"(anonymous_26)","line":326,"loc":{"start":{"line":326,"column":11},"end":{"line":326,"column":29}}},"27":{"name":"(anonymous_27)","line":329,"loc":{"start":{"line":329,"column":18},"end":{"line":329,"column":37}}},"28":{"name":"(anonymous_28)","line":330,"loc":{"start":{"line":330,"column":32},"end":{"line":330,"column":53}}},"29":{"name":"(anonymous_29)","line":348,"loc":{"start":{"line":348,"column":14},"end":{"line":348,"column":32}}},"30":{"name":"(anonymous_30)","line":351,"loc":{"start":{"line":351,"column":18},"end":{"line":351,"column":37}}},"31":{"name":"(anonymous_31)","line":352,"loc":{"start":{"line":352,"column":39},"end":{"line":352,"column":52}}},"32":{"name":"(anonymous_32)","line":367,"loc":{"start":{"line":367,"column":12},"end":{"line":367,"column":22}}},"33":{"name":"(anonymous_33)","line":370,"loc":{"start":{"line":370,"column":18},"end":{"line":370,"column":37}}},"34":{"name":"(anonymous_34)","line":374,"loc":{"start":{"line":374,"column":25},"end":{"line":374,"column":48}}},"35":{"name":"(anonymous_35)","line":389,"loc":{"start":{"line":389,"column":16},"end":{"line":389,"column":40}}},"36":{"name":"(anonymous_36)","line":397,"loc":{"start":{"line":397,"column":27},"end":{"line":397,"column":43}}},"37":{"name":"(anonymous_37)","line":403,"loc":{"start":{"line":403,"column":61},"end":{"line":403,"column":74}}},"38":{"name":"(anonymous_38)","line":413,"loc":{"start":{"line":413,"column":15},"end":{"line":413,"column":44}}},"39":{"name":"(anonymous_39)","line":418,"loc":{"start":{"line":418,"column":34},"end":{"line":418,"column":56}}},"40":{"name":"(anonymous_40)","line":433,"loc":{"start":{"line":433,"column":36},"end":{"line":433,"column":52}}},"41":{"name":"(anonymous_41)","line":443,"loc":{"start":{"line":443,"column":13},"end":{"line":443,"column":23}}},"42":{"name":"(anonymous_42)","line":449,"loc":{"start":{"line":449,"column":22},"end":{"line":449,"column":47}}},"43":{"name":"(anonymous_43)","line":457,"loc":{"start":{"line":457,"column":28},"end":{"line":457,"column":41}}},"44":{"name":"(anonymous_44)","line":472,"loc":{"start":{"line":472,"column":17},"end":{"line":472,"column":27}}},"45":{"name":"(anonymous_45)","line":475,"loc":{"start":{"line":475,"column":18},"end":{"line":475,"column":37}}},"46":{"name":"(anonymous_46)","line":477,"loc":{"start":{"line":477,"column":28},"end":{"line":477,"column":41}}}},"statementMap":{"1":{"start":{"line":1,"column":0},"end":{"line":1,"column":24}},"2":{"start":{"line":2,"column":0},"end":{"line":2,"column":54}},"3":{"start":{"line":3,"column":0},"end":{"line":3,"column":50}},"4":{"start":{"line":4,"column":0},"end":{"line":4,"column":28}},"5":{"start":{"line":5,"column":0},"end":{"line":5,"column":51}},"6":{"start":{"line":8,"column":0},"end":{"line":8,"column":57}},"7":{"start":{"line":11,"column":0},"end":{"line":11,"column":55}},"8":{"start":{"line":14,"column":0},"end":{"line":14,"column":67}},"9":{"start":{"line":17,"column":0},"end":{"line":19,"column":2}},"10":{"start":{"line":18,"column":4},"end":{"line":18,"column":25}},"11":{"start":{"line":21,"column":0},"end":{"line":25,"column":2}},"12":{"start":{"line":22,"column":4},"end":{"line":24,"column":5}},"13":{"start":{"line":23,"column":8},"end":{"line":23,"column":31}},"14":{"start":{"line":28,"column":0},"end":{"line":37,"column":2}},"15":{"start":{"line":40,"column":0},"end":{"line":57,"column":2}},"16":{"start":{"line":47,"column":8},"end":{"line":47,"column":32}},"17":{"start":{"line":53,"column":8},"end":{"line":55,"column":11}},"18":{"start":{"line":54,"column":12},"end":{"line":54,"column":54}},"19":{"start":{"line":60,"column":0},"end":{"line":80,"column":2}},"20":{"start":{"line":63,"column":4},"end":{"line":63,"column":78}},"21":{"start":{"line":66,"column":4},"end":{"line":79,"column":39}},"22":{"start":{"line":67,"column":8},"end":{"line":78,"column":9}},"23":{"start":{"line":68,"column":12},"end":{"line":68,"column":71}},"24":{"start":{"line":71,"column":12},"end":{"line":71,"column":35}},"25":{"start":{"line":74,"column":12},"end":{"line":74,"column":37}},"26":{"start":{"line":75,"column":12},"end":{"line":75,"column":37}},"27":{"start":{"line":77,"column":12},"end":{"line":77,"column":26}},"28":{"start":{"line":83,"column":0},"end":{"line":129,"column":2}},"29":{"start":{"line":86,"column":4},"end":{"line":128,"column":7}},"30":{"start":{"line":88,"column":8},"end":{"line":127,"column":11}},"31":{"start":{"line":91,"column":12},"end":{"line":91,"column":35}},"32":{"start":{"line":93,"column":12},"end":{"line":126,"column":13}},"33":{"start":{"line":94,"column":16},"end":{"line":94,"column":35}},"34":{"start":{"line":98,"column":16},"end":{"line":125,"column":17}},"35":{"start":{"line":99,"column":20},"end":{"line":102,"column":24}},"36":{"start":{"line":105,"column":22},"end":{"line":125,"column":17}},"37":{"start":{"line":107,"column":20},"end":{"line":109,"column":23}},"38":{"start":{"line":108,"column":24},"end":{"line":108,"column":47}},"39":{"start":{"line":112,"column":20},"end":{"line":112,"column":141}},"40":{"start":{"line":115,"column":20},"end":{"line":124,"column":21}},"41":{"start":{"line":116,"column":24},"end":{"line":116,"column":93}},"42":{"start":{"line":118,"column":24},"end":{"line":118,"column":75}},"43":{"start":{"line":121,"column":24},"end":{"line":123,"column":27}},"44":{"start":{"line":122,"column":28},"end":{"line":122,"column":94}},"45":{"start":{"line":132,"column":0},"end":{"line":285,"column":2}},"46":{"start":{"line":135,"column":4},"end":{"line":135,"column":28}},"47":{"start":{"line":137,"column":4},"end":{"line":231,"column":6}},"48":{"start":{"line":140,"column":8},"end":{"line":140,"column":26}},"49":{"start":{"line":143,"column":8},"end":{"line":158,"column":9}},"50":{"start":{"line":144,"column":12},"end":{"line":144,"column":51}},"51":{"start":{"line":147,"column":12},"end":{"line":151,"column":13}},"52":{"start":{"line":148,"column":16},"end":{"line":148,"column":77}},"53":{"start":{"line":149,"column":16},"end":{"line":149,"column":29}},"54":{"start":{"line":150,"column":16},"end":{"line":150,"column":23}},"55":{"start":{"line":155,"column":12},"end":{"line":155,"column":82}},"56":{"start":{"line":156,"column":12},"end":{"line":156,"column":25}},"57":{"start":{"line":157,"column":12},"end":{"line":157,"column":19}},"58":{"start":{"line":161,"column":8},"end":{"line":161,"column":84}},"59":{"start":{"line":164,"column":8},"end":{"line":164,"column":53}},"60":{"start":{"line":167,"column":8},"end":{"line":167,"column":105}},"61":{"start":{"line":170,"column":8},"end":{"line":230,"column":11}},"62":{"start":{"line":173,"column":12},"end":{"line":177,"column":13}},"63":{"start":{"line":174,"column":16},"end":{"line":174,"column":39}},"64":{"start":{"line":175,"column":16},"end":{"line":175,"column":35}},"65":{"start":{"line":176,"column":16},"end":{"line":176,"column":23}},"66":{"start":{"line":180,"column":12},"end":{"line":229,"column":14}},"67":{"start":{"line":186,"column":20},"end":{"line":190,"column":21}},"68":{"start":{"line":187,"column":24},"end":{"line":187,"column":47}},"69":{"start":{"line":188,"column":24},"end":{"line":188,"column":43}},"70":{"start":{"line":189,"column":24},"end":{"line":189,"column":31}},"71":{"start":{"line":193,"column":20},"end":{"line":221,"column":21}},"72":{"start":{"line":194,"column":24},"end":{"line":194,"column":67}},"73":{"start":{"line":196,"column":24},"end":{"line":217,"column":27}},"74":{"start":{"line":198,"column":28},"end":{"line":216,"column":29}},"75":{"start":{"line":199,"column":32},"end":{"line":199,"column":55}},"76":{"start":{"line":200,"column":32},"end":{"line":200,"column":68}},"77":{"start":{"line":202,"column":32},"end":{"line":202,"column":62}},"78":{"start":{"line":205,"column":32},"end":{"line":215,"column":35}},"79":{"start":{"line":207,"column":36},"end":{"line":211,"column":37}},"80":{"start":{"line":208,"column":40},"end":{"line":208,"column":63}},"81":{"start":{"line":209,"column":40},"end":{"line":209,"column":76}},"82":{"start":{"line":210,"column":40},"end":{"line":210,"column":47}},"83":{"start":{"line":213,"column":36},"end":{"line":213,"column":84}},"84":{"start":{"line":214,"column":36},"end":{"line":214,"column":49}},"85":{"start":{"line":220,"column":24},"end":{"line":220,"column":37}},"86":{"start":{"line":227,"column":20},"end":{"line":227,"column":63}},"87":{"start":{"line":234,"column":4},"end":{"line":284,"column":7}},"88":{"start":{"line":237,"column":8},"end":{"line":283,"column":9}},"89":{"start":{"line":239,"column":12},"end":{"line":239,"column":42}},"90":{"start":{"line":243,"column":12},"end":{"line":243,"column":130}},"91":{"start":{"line":246,"column":12},"end":{"line":252,"column":15}},"92":{"start":{"line":248,"column":16},"end":{"line":248,"column":39}},"93":{"start":{"line":251,"column":16},"end":{"line":251,"column":55}},"94":{"start":{"line":257,"column":12},"end":{"line":279,"column":14}},"95":{"start":{"line":260,"column":16},"end":{"line":278,"column":17}},"96":{"start":{"line":263,"column":20},"end":{"line":263,"column":55}},"97":{"start":{"line":266,"column":20},"end":{"line":266,"column":96}},"98":{"start":{"line":269,"column":20},"end":{"line":269,"column":77}},"99":{"start":{"line":274,"column":20},"end":{"line":274,"column":43}},"100":{"start":{"line":277,"column":20},"end":{"line":277,"column":64}},"101":{"start":{"line":282,"column":12},"end":{"line":282,"column":25}},"102":{"start":{"line":288,"column":0},"end":{"line":323,"column":2}},"103":{"start":{"line":290,"column":4},"end":{"line":290,"column":51}},"104":{"start":{"line":293,"column":4},"end":{"line":298,"column":5}},"105":{"start":{"line":295,"column":8},"end":{"line":295,"column":54}},"106":{"start":{"line":297,"column":8},"end":{"line":297,"column":115}},"107":{"start":{"line":301,"column":4},"end":{"line":322,"column":7}},"108":{"start":{"line":302,"column":8},"end":{"line":302,"column":60}},"109":{"start":{"line":304,"column":8},"end":{"line":321,"column":10}},"110":{"start":{"line":308,"column":16},"end":{"line":308,"column":39}},"111":{"start":{"line":310,"column":16},"end":{"line":319,"column":17}},"112":{"start":{"line":311,"column":20},"end":{"line":311,"column":59}},"113":{"start":{"line":313,"column":20},"end":{"line":313,"column":59}},"114":{"start":{"line":316,"column":20},"end":{"line":316,"column":63}},"115":{"start":{"line":318,"column":20},"end":{"line":318,"column":72}},"116":{"start":{"line":326,"column":0},"end":{"line":345,"column":2}},"117":{"start":{"line":329,"column":4},"end":{"line":344,"column":7}},"118":{"start":{"line":330,"column":8},"end":{"line":343,"column":11}},"119":{"start":{"line":332,"column":12},"end":{"line":332,"column":35}},"120":{"start":{"line":334,"column":12},"end":{"line":342,"column":13}},"121":{"start":{"line":335,"column":16},"end":{"line":335,"column":38}},"122":{"start":{"line":338,"column":16},"end":{"line":338,"column":61}},"123":{"start":{"line":339,"column":16},"end":{"line":339,"column":66}},"124":{"start":{"line":340,"column":16},"end":{"line":340,"column":36}},"125":{"start":{"line":341,"column":16},"end":{"line":341,"column":66}},"126":{"start":{"line":348,"column":0},"end":{"line":364,"column":2}},"127":{"start":{"line":351,"column":4},"end":{"line":363,"column":7}},"128":{"start":{"line":352,"column":8},"end":{"line":362,"column":11}},"129":{"start":{"line":354,"column":12},"end":{"line":354,"column":35}},"130":{"start":{"line":356,"column":12},"end":{"line":361,"column":13}},"131":{"start":{"line":357,"column":16},"end":{"line":357,"column":38}},"132":{"start":{"line":360,"column":16},"end":{"line":360,"column":67}},"133":{"start":{"line":367,"column":0},"end":{"line":386,"column":2}},"134":{"start":{"line":370,"column":4},"end":{"line":385,"column":7}},"135":{"start":{"line":372,"column":8},"end":{"line":372,"column":82}},"136":{"start":{"line":374,"column":8},"end":{"line":384,"column":11}},"137":{"start":{"line":376,"column":12},"end":{"line":376,"column":35}},"138":{"start":{"line":378,"column":12},"end":{"line":383,"column":13}},"139":{"start":{"line":379,"column":16},"end":{"line":379,"column":63}},"140":{"start":{"line":382,"column":16},"end":{"line":382,"column":68}},"141":{"start":{"line":389,"column":0},"end":{"line":410,"column":2}},"142":{"start":{"line":391,"column":4},"end":{"line":391,"column":41}},"143":{"start":{"line":393,"column":4},"end":{"line":393,"column":73}},"144":{"start":{"line":396,"column":4},"end":{"line":400,"column":5}},"145":{"start":{"line":397,"column":8},"end":{"line":399,"column":11}},"146":{"start":{"line":398,"column":12},"end":{"line":398,"column":48}},"147":{"start":{"line":403,"column":4},"end":{"line":409,"column":7}},"148":{"start":{"line":404,"column":8},"end":{"line":408,"column":9}},"149":{"start":{"line":405,"column":12},"end":{"line":405,"column":39}},"150":{"start":{"line":407,"column":12},"end":{"line":407,"column":53}},"151":{"start":{"line":413,"column":0},"end":{"line":440,"column":2}},"152":{"start":{"line":415,"column":4},"end":{"line":415,"column":78}},"153":{"start":{"line":418,"column":4},"end":{"line":439,"column":7}},"154":{"start":{"line":419,"column":8},"end":{"line":438,"column":9}},"155":{"start":{"line":420,"column":12},"end":{"line":420,"column":76}},"156":{"start":{"line":423,"column":12},"end":{"line":437,"column":13}},"157":{"start":{"line":424,"column":16},"end":{"line":424,"column":53}},"158":{"start":{"line":427,"column":16},"end":{"line":436,"column":17}},"159":{"start":{"line":428,"column":20},"end":{"line":428,"column":94}},"160":{"start":{"line":430,"column":20},"end":{"line":430,"column":83}},"161":{"start":{"line":433,"column":20},"end":{"line":435,"column":23}},"162":{"start":{"line":434,"column":24},"end":{"line":434,"column":121}},"163":{"start":{"line":443,"column":0},"end":{"line":469,"column":2}},"164":{"start":{"line":446,"column":4},"end":{"line":446,"column":78}},"165":{"start":{"line":449,"column":4},"end":{"line":468,"column":14}},"166":{"start":{"line":450,"column":8},"end":{"line":467,"column":9}},"167":{"start":{"line":451,"column":12},"end":{"line":451,"column":71}},"168":{"start":{"line":454,"column":12},"end":{"line":454,"column":37}},"169":{"start":{"line":457,"column":12},"end":{"line":466,"column":14}},"170":{"start":{"line":459,"column":16},"end":{"line":459,"column":39}},"171":{"start":{"line":461,"column":16},"end":{"line":465,"column":17}},"172":{"start":{"line":462,"column":20},"end":{"line":462,"column":42}},"173":{"start":{"line":464,"column":20},"end":{"line":464,"column":66}},"174":{"start":{"line":472,"column":0},"end":{"line":489,"column":2}},"175":{"start":{"line":475,"column":4},"end":{"line":488,"column":7}},"176":{"start":{"line":477,"column":8},"end":{"line":486,"column":11}},"177":{"start":{"line":479,"column":12},"end":{"line":479,"column":35}},"178":{"start":{"line":481,"column":12},"end":{"line":485,"column":13}},"179":{"start":{"line":482,"column":16},"end":{"line":482,"column":38}},"180":{"start":{"line":484,"column":16},"end":{"line":484,"column":71}},"181":{"start":{"line":491,"column":0},"end":{"line":491,"column":22}}},"branchMap":{"1":{"line":22,"type":"if","locations":[{"start":{"line":22,"column":4},"end":{"line":22,"column":4}},{"start":{"line":22,"column":4},"end":{"line":22,"column":4}}]},"2":{"line":54,"type":"binary-expr","locations":[{"start":{"line":54,"column":28},"end":{"line":54,"column":36}},{"start":{"line":54,"column":40},"end":{"line":54,"column":53}}]},"3":{"line":67,"type":"if","locations":[{"start":{"line":67,"column":8},"end":{"line":67,"column":8}},{"start":{"line":67,"column":8},"end":{"line":67,"column":8}}]},"4":{"line":93,"type":"if","locations":[{"start":{"line":93,"column":12},"end":{"line":93,"column":12}},{"start":{"line":93,"column":12},"end":{"line":93,"column":12}}]},"5":{"line":98,"type":"if","locations":[{"start":{"line":98,"column":16},"end":{"line":98,"column":16}},{"start":{"line":98,"column":16},"end":{"line":98,"column":16}}]},"6":{"line":105,"type":"if","locations":[{"start":{"line":105,"column":22},"end":{"line":105,"column":22}},{"start":{"line":105,"column":22},"end":{"line":105,"column":22}}]},"7":{"line":115,"type":"if","locations":[{"start":{"line":115,"column":20},"end":{"line":115,"column":20}},{"start":{"line":115,"column":20},"end":{"line":115,"column":20}}]},"8":{"line":147,"type":"if","locations":[{"start":{"line":147,"column":12},"end":{"line":147,"column":12}},{"start":{"line":147,"column":12},"end":{"line":147,"column":12}}]},"9":{"line":173,"type":"if","locations":[{"start":{"line":173,"column":12},"end":{"line":173,"column":12}},{"start":{"line":173,"column":12},"end":{"line":173,"column":12}}]},"10":{"line":186,"type":"if","locations":[{"start":{"line":186,"column":20},"end":{"line":186,"column":20}},{"start":{"line":186,"column":20},"end":{"line":186,"column":20}}]},"11":{"line":193,"type":"if","locations":[{"start":{"line":193,"column":20},"end":{"line":193,"column":20}},{"start":{"line":193,"column":20},"end":{"line":193,"column":20}}]},"12":{"line":193,"type":"binary-expr","locations":[{"start":{"line":193,"column":24},"end":{"line":193,"column":39}},{"start":{"line":193,"column":43},"end":{"line":193,"column":91}}]},"13":{"line":198,"type":"if","locations":[{"start":{"line":198,"column":28},"end":{"line":198,"column":28}},{"start":{"line":198,"column":28},"end":{"line":198,"column":28}}]},"14":{"line":207,"type":"if","locations":[{"start":{"line":207,"column":36},"end":{"line":207,"column":36}},{"start":{"line":207,"column":36},"end":{"line":207,"column":36}}]},"15":{"line":237,"type":"if","locations":[{"start":{"line":237,"column":8},"end":{"line":237,"column":8}},{"start":{"line":237,"column":8},"end":{"line":237,"column":8}}]},"16":{"line":243,"type":"cond-expr","locations":[{"start":{"line":243,"column":50},"end":{"line":243,"column":68}},{"start":{"line":243,"column":72},"end":{"line":243,"column":128}}]},"17":{"line":243,"type":"cond-expr","locations":[{"start":{"line":243,"column":91},"end":{"line":243,"column":100}},{"start":{"line":243,"column":103},"end":{"line":243,"column":128}}]},"18":{"line":260,"type":"if","locations":[{"start":{"line":260,"column":16},"end":{"line":260,"column":16}},{"start":{"line":260,"column":16},"end":{"line":260,"column":16}}]},"19":{"line":266,"type":"cond-expr","locations":[{"start":{"line":266,"column":57},"end":{"line":266,"column":66}},{"start":{"line":266,"column":69},"end":{"line":266,"column":94}}]},"20":{"line":293,"type":"if","locations":[{"start":{"line":293,"column":4},"end":{"line":293,"column":4}},{"start":{"line":293,"column":4},"end":{"line":293,"column":4}}]},"21":{"line":310,"type":"if","locations":[{"start":{"line":310,"column":16},"end":{"line":310,"column":16}},{"start":{"line":310,"column":16},"end":{"line":310,"column":16}}]},"22":{"line":334,"type":"if","locations":[{"start":{"line":334,"column":12},"end":{"line":334,"column":12}},{"start":{"line":334,"column":12},"end":{"line":334,"column":12}}]},"23":{"line":356,"type":"if","locations":[{"start":{"line":356,"column":12},"end":{"line":356,"column":12}},{"start":{"line":356,"column":12},"end":{"line":356,"column":12}}]},"24":{"line":378,"type":"if","locations":[{"start":{"line":378,"column":12},"end":{"line":378,"column":12}},{"start":{"line":378,"column":12},"end":{"line":378,"column":12}}]},"25":{"line":396,"type":"if","locations":[{"start":{"line":396,"column":4},"end":{"line":396,"column":4}},{"start":{"line":396,"column":4},"end":{"line":396,"column":4}}]},"26":{"line":404,"type":"if","locations":[{"start":{"line":404,"column":8},"end":{"line":404,"column":8}},{"start":{"line":404,"column":8},"end":{"line":404,"column":8}}]},"27":{"line":419,"type":"if","locations":[{"start":{"line":419,"column":8},"end":{"line":419,"column":8}},{"start":{"line":419,"column":8},"end":{"line":419,"column":8}}]},"28":{"line":423,"type":"if","locations":[{"start":{"line":423,"column":12},"end":{"line":423,"column":12}},{"start":{"line":423,"column":12},"end":{"line":423,"column":12}}]},"29":{"line":427,"type":"if","locations":[{"start":{"line":427,"column":16},"end":{"line":427,"column":16}},{"start":{"line":427,"column":16},"end":{"line":427,"column":16}}]},"30":{"line":450,"type":"if","locations":[{"start":{"line":450,"column":8},"end":{"line":450,"column":8}},{"start":{"line":450,"column":8},"end":{"line":450,"column":8}}]},"31":{"line":461,"type":"if","locations":[{"start":{"line":461,"column":16},"end":{"line":461,"column":16}},{"start":{"line":461,"column":16},"end":{"line":461,"column":16}}]},"32":{"line":481,"type":"if","locations":[{"start":{"line":481,"column":12},"end":{"line":481,"column":12}},{"start":{"line":481,"column":12},"end":{"line":481,"column":12}}]}},"code":["var _fs = require('fs');","var _nodeMcuConnector = require('./NodeMcuConnector');","var _serialTerminal = require('./SerialTerminal');","var _path = require('path');","var _loggingFacility = require('logging-facility');","","// NodeMCU-Tool Context Logger","var _logger = _loggingFacility.getLogger('NodeMCU-Tool');","","// NodeMCU Context Logger","var _mculogger = _loggingFacility.getLogger('NodeMCU');","","// Serial Terminal Context Logger","var _terminallogger = _loggingFacility.getLogger('SerialTerminal');","","// output","var outputHandler = function(message){","    console.log(message);","};","","var writeOutput = function(message){","    if (outputHandler){","        outputHandler(message);","    }","};","","// global options","var _options = {","    // serial port baudrate","    baudrate: 115200,","","    // serial device connected to nodemcu","    device: '/dev/ttyUSB0',","","    // delay after opening the connection","    connectionDelay: 0","};","","// Programmatic Access to the core functions","var Tool = {","","    // access the connector directly","    Connector: _nodeMcuConnector,","","    // set output handler","    onOutput: function (handler) {","        outputHandler = handler;","    },","","    // set connector options","    setOptions: function(opt){","        // merge with default options","        Object.keys(_options).forEach(function(key){","            _options[key] = opt[key] || _options[key];","        });","    }","};","","// helper function to create a NodeMCU Tool Connection","var getConnection = function(cb){","","    // create new connector","    var connector = new _nodeMcuConnector(_options.device, _options.baudrate);","","    // open connection with connection check","    connector.connect(function(error, response){","        if (error) {","            _logger.error('Unable to establish connection - ' + error);","","            // finished!","            connector.disconnect();","        }else{","            // status message","            _logger.log('Connected');","            _mculogger.log(response);","","            cb(connector);","        }","    }, true, _options.connectionDelay);","};","","// show file-system info","Tool.fsinfo = function(format){","","    // try to establish a connection to the module","    getConnection(function(connector){","","        connector.fsinfo(function(err, meta, files){","","            // finished!","            connector.disconnect();","","            if (err){","                _logger.error(err);","            }else{","","                // json output - third party applications","                if (format == 'json') {","                    writeOutput(JSON.stringify({","                        files: files,","                        meta: meta","                    }));","","                // raw format - suitable for use in bash scripts","                }else if (format == 'raw'){","                    // print fileinfo","                    files.forEach(function(file){","                        writeOutput(file.name);","                    });","","                }else{","                    _mculogger.log('Free Disk Space: ' + meta.remaining + ' KB | Total: ' + meta.total + ' KB | ' + files.length + ' Files');","","                    // files found ?","                    if (files.length==0){","                        _mculogger.log('No Files found - have you created the file-system?');","                    }else{","                        _mculogger.log('Files stored into Flash (SPIFFS)');","","                        // print fileinfo","                        files.forEach(function(file){","                            writeOutput('\\t  |- ' + file.name + ' (' + file.size + ' Bytes)');","                        });","                    }","                }","            }","        });","    });","};","","// upload a local file to nodemcu","Tool.upload = function(localFiles, options, onProgess){","","    // the index of the current uploaded file","    var fileUploadIndex = 0;","","    var uploadFile = function(con
[...]
"start":{"line":48,"column":25},"end":{"line":48,"column":27}}]},"4":{"line":54,"type":"if","locations":[{"start":{"line":54,"column":4},"end":{"line":54,"column":4}},{"start":{"line":54,"column":4},"end":{"line":54,"column":4}}]},"5":{"line":54,"type":"binary-expr","locations":[{"start":{"line":54,"column":8},"end":{"line":54,"column":20}},{"start":{"line":54,"column":24},"end":{"line":54,"column":45}}]},"6":{"line":59,"type":"if","locations":[{"start":{"line":59,"column":4},"end":{"line":59,"column":4}},{"start":{"line":59,"column":4},"end":{"line":59,"column":4}}]},"7":{"line":59,"type":"binary-expr","locations":[{"start":{"line":59,"column":8},"end":{"line":59,"column":19}},{"start":{"line":59,"column":23},"end":{"line":59,"column":43}}]},"8":{"line":66,"type":"binary-expr","locations":[{"start":{"line":66,"column":28},"end":{"line":66,"column":37}},{"start":{"line":66,"column":51},"end":{"line":66,"column":59}}]},"9":{"line":67,"type":"binary-expr","locations":[{"start":{"line":67,"column":28},"end":{"line":67,"column":37}},{"start":{"line":67,"column":51},"end":{"line":67,"column":65}}]},"10":{"line":68,"type":"binary-expr","locations":[{"start":{"line":68,"column":28},"end":{"line":68,"column":48}},{"start":{"line":68,"column":52},"end":{"line":68,"column":53}}]},"11":{"line":71,"type":"binary-expr","locations":[{"start":{"line":71,"column":20},"end":{"line":71,"column":36}},{"start":{"line":71,"column":43},"end":{"line":71,"column":48}}]},"12":{"line":72,"type":"binary-expr","locations":[{"start":{"line":72,"column":20},"end":{"line":72,"column":35}},{"start":{"line":72,"column":43},"end":{"line":72,"column":48}}]},"13":{"line":73,"type":"binary-expr","locations":[{"start":{"line":73,"column":20},"end":{"line":73,"column":36}},{"start":{"line":73,"column":43},"end":{"line":73,"column":48}}]},"14":{"line":74,"type":"binary-expr","locations":[{"start":{"line":74,"column":20},"end":{"line":74,"column":38}},{"start":{"line":74,"column":43},"end":{"line":74,"column":47}}]},"15":{"line":75,"type":"binary-expr","locations":[{"start":{"line":75,"column":20},"end":{"line":75,"column":31}},{"start":{"line":75,"column":43},"end":{"line":75,"column":48}}]},"16":{"line":76,"type":"binary-expr","locations":[{"start":{"line":76,"column":20},"end":{"line":76,"column":31}},{"start":{"line":76,"column":43},"end":{"line":76,"column":48}}]},"17":{"line":77,"type":"binary-expr","locations":[{"start":{"line":77,"column":20},"end":{"line":77,"column":32}},{"start":{"line":77,"column":43},"end":{"line":77,"column":48}}]},"18":{"line":78,"type":"binary-expr","locations":[{"start":{"line":78,"column":20},"end":{"line":78,"column":31}},{"start":{"line":78,"column":43},"end":{"line":78,"column":48}}]},"19":{"line":79,"type":"binary-expr","locations":[{"start":{"line":79,"column":20},"end":{"line":79,"column":37}},{"start":{"line":79,"column":43},"end":{"line":79,"column":48}}]},"20":{"line":87,"type":"if","locations":[{"start":{"line":87,"column":8},"end":{"line":87,"column":8}},{"start":{"line":87,"column":8},"end":{"line":87,"column":8}}]},"21":{"line":92,"type":"binary-expr","locations":[{"start":{"line":92,"column":37},"end":{"line":92,"column":47}},{"start":{"line":92,"column":51},"end":{"line":92,"column":73}}]},"22":{"line":93,"type":"binary-expr","locations":[{"start":{"line":93,"column":33},"end":{"line":93,"column":39}},{"start":{"line":93,"column":43},"end":{"line":93,"column":61}}]},"23":{"line":94,"type":"binary-expr","locations":[{"start":{"line":94,"column":38},"end":{"line":94,"column":48}},{"start":{"line":94,"column":52},"end":{"line":94,"column":71}}]},"24":{"line":95,"type":"binary-expr","locations":[{"start":{"line":95,"column":37},"end":{"line":95,"column":46}},{"start":{"line":95,"column":50},"end":{"line":95,"column":68}}]},"25":{"line":96,"type":"binary-expr","locations":[{"start":{"line":96,"column":38},"end":{"line":96,"column":48}},{"start":{"line":96,"column":52},"end":{"line":96,"column":71}}]},"26":{"line":147,"type":"if","locations":[{"start":{"line":147,"column":8},"end":{"line":147,"column":8}},{"start":{"line":147,"column":8},"end":{"line":147,"column":8}}]},"27":{"line":152,"type":"if","locations":[{"start":{"line":152,"column":8},"end":{"line":152,"column":8}},{"start":{"line":152,"column":8},"end":{"line":152,"column":8}}]},"28":{"line":194,"type":"if","locations":[{"start":{"line":194,"column":8},"end":{"line":194,"column":8}},{"start":{"line":194,"column":8},"end":{"line":194,"column":8}}]},"29":{"line":205,"type":"if","locations":[{"start":{"line":205,"column":12},"end":{"line":205,"column":12}},{"start":{"line":205,"column":12},"end":{"line":205,"column":12}}]},"30":{"line":214,"type":"if","locations":[{"start":{"line":214,"column":16},"end":{"line":214,"column":16}},{"start":{"line":214,"column":16},"end":{"line":214,"column":16}}]},"31":{"line":251,"type":"if","locations":[{"start":{"line":251,"column":8},"end":{"line":251,"column":8}},{"start":{"line":251,"column":8},"end":{"line":251,"column":8}}]},"32":{"line":275,"type":"if","locations":[{"start":{"line":275,"column":12},"end":{"line":275,"column":12}},{"start":{"line":275,"column":12},"end":{"line":275,"column":12}}]},"33":{"line":284,"type":"if","locations":[{"start":{"line":284,"column":12},"end":{"line":284,"column":12}},{"start":{"line":284,"column":12},"end":{"line":284,"column":12}}]},"34":{"line":284,"type":"binary-expr","locations":[{"start":{"line":284,"column":16},"end":{"line":284,"column":22}},{"start":{"line":284,"column":26},"end":{"line":284,"column":34}}]},"35":{"line":305,"type":"if","locations":[{"start":{"line":305,"column":8},"end":{"line":305,"column":8}},{"start":{"line":305,"column":8},"end":{"line":305,"column":8}}]},"36":{"line":345,"type":"if","locations":[{"start":{"line":345,"column":12},"end":{"line":345,"column":12}},{"start":{"line":345,"column":12},"end":{"line":345,"column":12}}]},"37":{"line":388,"type":"if","locations":[{"start":{"line":388,"column":8},"end":{"line":388,"column":8}},{"start":{"line":388,"column":8},"end":{"line":388,"column":8}}]},"38":{"line":409,"type":"if","locations":[{"start":{"line":409,"column":0},"end":{"line":409,"column":0}},{"start":{"line":409,"column":0},"end":{"line":409,"column":0}}]}},"code":["//#!/usr/bin/env node","","// Manages User CLI interactions","","// load utils","var _cli = require('commander');","var _progressbar = require('cli-progress');","var _pkg = require('../package.json');","var _prompt = require('prompt');","var _nodemcutool = require('../lib/NodeMCU-Tool');","var _luaCommandBuilder = require('../lib/LuaCommandBuilder');","var _colors = require('colors');","var _fs = require('fs');","var _loggingFacility = require('logging-facility');","var _logger = _loggingFacility.getLogger('NodeMCU-Tool');","","// silent mode flag","var silentModeEnabled = false;","","// set the logging backend/upstream","// every log message is passed to this function","_loggingFacility.setBackend(function(facility, level, args){","    // args to string","    args = args.map(function(s){","        return s.toString();","    });","","    // log, info, debug","    if (level > 5){","        // only display messages in normal operation mode","        if (silentModeEnabled !== true){","            console.log(_colors.cyan('[' + facility.trim() + ']'), args.join(' '));","        }","","        // errors","    }else{","        console.log(_colors.red('[' + facility.trim() + ']'), args.join(' '));","    }","});","","// general content","_nodemcutool.onOutput(function(message){","    console.log(message);","});","","function cliPrepare(options){","    // default","    options = options || {};","","    // silent mode enabled by flag ?","    silentModeEnabled = (_cli.silent===true);","","    // silent mode enabled by json output format ?","    if (options.json && options.json === true){","        silentModeEnabled = true;","    }","","    // silent mode enabled by json raw format ?","    if (options.raw && options.raw === true){","        silentModeEnabled = true;","    }","","    // merge global flags, command flags and global defaults","    var defaultConfig = {","        // global flags","        baudrate:           _cli.baud           || '115200',","        port:               _cli.port           || '/dev/ttyUSB0',","        connectionDelay:    _cli.connectionDelay || 0,","","        // command specific flags","        optimize:   options.optimize    || false,","        compile:    options.compile     || false,","        keeppath:   options.keeppath    || false,","        remotename: options.remotename  || null,","        run:        options.run         || false,","        all:        options.all         || false,","        json:       options.json        || false,","        raw:        options.raw         || false,","        softreset:  options.softreset   || false","    };","","    // project based configuration","    try{","        // try to load project based configuration","        var data = _fs.readFileSync('.nodemcutool', 'utf8');","","        if (data){","            // decode json based data","            var d = JSON.parse(data);","","            // extract values","            defaultConfig.baudrate = d.baudrate || defaultConfig.baudrate;","            defaultConfig.port = d.port || defaultConfig.port;","            defaultConfig.optimize = (d.optimize && d.optimize === true);","            defaultConfig.compile = (d.compile && d.compile === true);","            defaultConfig.keeppath = (d.keeppath && d.keeppath === true);","            _logger.log('Project based configuration loaded');","        }","    }catch (err){","    }","","    // set port/baud options","    _nodemcutool.setOptions({","        device: defaultConfig.port,","        baudrate: defaultConfig.baudrate,","        connectionDelay: defaultConfig.connectionDelay","    });","","    return defaultConfig;","}","","","// CLI setup","_cli","    // read file version package.json","    .version(_pkg.version)","","    // serial port device","    .option('-p, --port <port>', 'Serial port device name e.g. /dev/ttyUSB0, COM1', null)","","    // serial port baudrate","    .option('-b, --baud <baudrate>', 'Serial Port Baudrate in bps, default 115200', null)","","    // silent mode - no status messages are shown","    .option('--silent', 'Enable silent mode - no status messages are shown', false)","","    // connection delay between opening the serial device and starting the communication","    .option('--connection-delay <delay>', 'Connection delay between opening the serial device and starting the communication', 0);","","_cli","    .command('fsinfo')","    .description('Show file system info (current files, memory usage)')","","    // json output mode","    .option('--json', 'Display output JSON encoded', false)","","    // raw output mode","    .option('--raw', 'Display output as simple text with tab delimiter', false)","","    .action(function(opt){","        var options = cliPrepare(opt);","","        // output format","        var format = 'human';","","        // json format ?","        if (options.json){","            format = 'json';","        }","","        // raw format (text)","        if (options.raw){","            format = 'raw';","        }","","        _nodemcutool.fsinfo(format);","    });","","_cli","    .command('run <file>')","    .description('Executes an existing .lua or .lc file on NodeMCU')","    .action(function(filename, opt){","        var options = cliPrepare(opt);","","        _nodemcutool.run(filename);","    });","","_cli","    .command('upload [files...]')","    .description('Upload Files to NodeMCU (ESP8266) target')","","    // file cleanup","    .option('-o, --optimize', 'Removes comments and empty lines from file before uploading', false)","","    // compile files after upload","    .option('-c, --compile', 'Compile Lua file to bytecode (.lc) and remove the original file after upload', false)","","    // keep-path","    .option('-k, --keeppath', 'Keep a relative file path in the destination filename (i.e: static/test.html will be named static/test.html)', false)","","    // sets the remote filename","    .option('-n, --remotename <remotename>', 'Set destination file name. Default is same as original. Only available when uploading a single file!', false)","","    .action(function(localFiles, opt){","        var options = cliPrepare(opt);","","        // initialize a new progress bar","        var bar = new _progressbar.Bar({","            format: 'Upload Status {percentage}% [{bar}] | ETA {eta}s',","            clearOnComplete: true","        });","","        // files provided ?","        if (localFiles.length == 0){","            _logger.error('No files provided for upload (empty file-list)');","            return;","        }","","        // handle multiple uploads","        var currentFileNumber = 0;","","        _nodemcutool.upload(localFiles, options, function(current, total, fileNumber){","","            // new file ?","            if (currentFileNumber != fileNumber){","                bar.stop();","                currentFileNumber = fileNumber;","                bar.start(total, 1);","            }else{","","                bar.update(current);","","                // finished ?","                if (current >= total) {","                    bar.stop();","                }","            }","        });","    });","","_cli","    .command('download <file>')","    .description('Download files from NodeMCU (ESP8266) target')","","    .action(function(remoteFilename, opt){","        var options = cliPrepare(opt);","","        _nodemcutool.download(remoteFilename);","    });","","_cli","    .command('remove <file>')","    .description('Removes a file from NodeMCU filesystem')","    .action(function(filename, opt){","        var options = cliPrepare(opt);","","        _nodemcutool.remove(filename);","    });","","_cli","    .command('mkfs')","    .description('Format the SPIFFS filesystem - ALL FILES ARE REMOVED')","","    // force fs creation without prompt","    .option('--noninteractive', 'Execute command without user interaction', false)","","    .action(function(opt){","        var options = cliPrepare(opt);","","        // no prompt!","        if (opt.noninteractive){","            // format","            _nodemcutool.mkfs();","","            return;","        }","","        // user confirmation required!","        _prompt.start();","        _prompt.message = '';","        _prompt.delimiter = '';","        _prompt.colors = false;","","        _prompt.get({","            properties: {","                confirm: {","                    pattern: /^(yes|no|y|n)$/gi,","                    description: _colors.cyan('[NodeMCU-Tool]') + ' Do you really want to format the filesystem and delete all file ?',","                    message: 'Type yes/no',","                    required: true,","                    default: 'no'","                }","            }","        }, function (err, result){","            if (err){","                _logger.error('Formatting aborted');","                return;","            }","","            // transform to lower case","            var c = result.confirm.toLowerCase();","","            // check","            if (c!='y' && c!='yes'){","                _logger.error('Formatting aborted');","                return;","            }","","            // format","            _nodemcutool.mkfs();","        });","","    });","","","_cli","    .command('terminal')","    .description('Opens a Terminal connection to NodeMCU')","    .option('--run <filename>', 'Running a file on NodeMCU before starting the terminal session', false)","    .action(function(opt){","        var options = cliPrepare(opt);","","        // run a initial command on startup ?","        var initialCommand = null;","        if (options.run){","            initialCommand = _luaCommandBuilder.prepare('run', [options.run]);","        }","","        // start terminal session","        _nodemcutool.terminal(initialCommand);","    });","","_cli","    .command('init')","    .description('Initialize a project-based Configuration (file) within current directory')","    .action(function(opt){","        var options = cliPrepare(opt);","","        _logger.log('Creating project based configuration file..');","","        // get user input","        _prompt.start();","        _prompt.message = '';","        _prompt.delimiter = '';","        _prompt.colors = false;","","        _prompt.get({","            properties: {","                baudrate: {","                    pattern: /^\\d+$/,","                    description: _colors.cyan('[NodeMCU-Tool]') + ' Baudrate in Bit per Seconds, e.g. 9600 (default)',","                    required: false,","                    message: 'Only Integers allowed!',","                    default: 9600","                },","                port: {","                    pattern: /^.+$/,","                    description: _colors.cyan('[NodeMCU-Tool]') + ' Serial connection to use, e.g. COM1 or /dev/ttyUSB2',","                    required: false,","                    default: '/dev/ttyUSB0'","                }","            }","        }, function (err, data){","","            if (err){","                _logger.error(err);","            }else{","                // set defaults","                data.optimize = false;","                data.compile = false;","                data.keeppath = false;","","                // write config to file","                _fs.writeFileSync('.nodemcutool', JSON.stringify(data, null, 4));","            }","        });","    });","","_cli","    .command('devices')","    .description('Shows a list of all available NodeMCU Modules/Serial Devices')","","    // disable the device filter based on vendorId's of common NodeMCU modules","    .option('--all', 'Show all Serial Devices, not only NodeMCU Modules', false)","","    // json output mode","    .option('--json', 'Display output JSON encoded', false)","","","    .action(function(opt){","        var options = cliPrepare(opt);","","        _nodemcutool.devices(options.all, options.json);","    });","","_cli","    .command('reset')","    .description('Execute a Hard-Reset of the Module using DTR/RTS reset circuit')","","    // softreset mode","    .option('--softreset', 'Resets the module using node.restart() command', false)","","","    .action(function(opt){","        var options = cliPrepare(opt);","","        // software reset","        if (options.softreset){","            _nodemcutool.softreset();","","        // hard-reset nRST","        }else{","            _nodemcutool.reset();","        }","","    });","","_cli","    .command('*')","    .action(function(c){","        _logger.error('Unknown command \"' + c + '\"');","        _cli.outputHelp();","    });","","// run the commander dispatcher","_cli.parse(process.argv);","","// default action (no command provided)","if (!process.argv.slice(2).length) {","    _cli.outputHelp();","}",""],"l":{"6":1,"7":1,"8":1,"9":1,"10":1,"11":1,"12":1,"13":1,"14":1,"15":1,"18":1,"22":1,"24":0,"25":0,"29":0,"31":0,"32":0,"37":0,"42":1,"43":0,"46":1,"48":0,"51":0,"54":0,"55":0,"59":0,"60":0,"64":0,"83":0,"85":0,"87":0,"89":0,"92":0,"93":0,"94":0,"95":0,"96":0,"97":0,"103":0,"109":0,"114":1,"130":1,"141":0,"144":0,"147":0,"148":0,"152":0,"153":0,"156":0,"159":1,"163":0,"165":0,"168":1,"185":0,"188":0,"194":0,"195":0,"196":0,"200":0,"202":0,"205":0,"206":0,"207":0,"208":0,"211":0,"214":0,"215":0,"221":1,"226":0,"228":0,"231":1,"235":0,"237":0,"240":1,"248":0,"251":0,"253":0,"255":0,"259":0,"260":0,"261":0,"262":0,"264":0,"275":0,"276":0,"277":0,"281":0,"284":0,"285":0,"286":0,"290":0,"296":1,"301":0,"304":0,"305":0,"306":0,"310":0,"313":1,"317":0,"319":0,"322":0,"323":0,"324":0,"325":0,"327":0,"345":0,"346":0,"349":0,"350":0,"351":0,"354":0,"359":1,"371":0,"373":0,"376":1,"385":0,"388":0,"389":0,"393":0,"398":1,"401":0,"402":0,"406":1,"409":1,"410":1}}}